2025-04-21 07:50:02.584 UTC [1] LOG:  starting PostgreSQL 15.12 on x86_64-pc-linux-musl, compiled by gcc (Alpine 14.2.0) 14.2.0, 64-bit
2025-04-21 07:50:02.584 UTC [1] LOG:  listening on IPv4 address "0.0.0.0", port 5432
2025-04-21 07:50:02.584 UTC [1] LOG:  listening on IPv6 address "::", port 5432
2025-04-21 07:50:02.592 UTC [1] LOG:  listening on Unix socket "/var/run/postgresql/.s.PGSQL.5432"
2025-04-21 07:50:02.603 UTC [62] LOG:  database system was shut down at 2025-04-21 07:50:02 UTC
2025-04-21 07:50:02.616 UTC [1] LOG:  database system is ready to accept connections
2025-04-21 07:50:21.053 UTC [66] LOG:  statement: 
	    SELECT * FROM tools
	  
2025-04-21 07:50:21.066 UTC [66] LOG:  execute <unnamed>: 
	        SELECT * FROM reservations
	        WHERE tool_id = $1 AND status IN ('pending', 'active')
	        AND start_date <= CURRENT_DATE AND end_date >= CURRENT_DATE
	      
2025-04-21 07:50:21.066 UTC [66] DETAIL:  parameters: $1 = '1'
2025-04-21 07:50:21.095 UTC [67] LOG:  execute <unnamed>: 
	        SELECT * FROM reservations
	        WHERE tool_id = $1 AND status IN ('pending', 'active')
	        AND start_date <= CURRENT_DATE AND end_date >= CURRENT_DATE
	      
2025-04-21 07:50:21.095 UTC [67] DETAIL:  parameters: $1 = '2'
2025-04-21 07:50:21.100 UTC [68] LOG:  execute <unnamed>: 
	        SELECT * FROM reservations
	        WHERE tool_id = $1 AND status IN ('pending', 'active')
	        AND start_date <= CURRENT_DATE AND end_date >= CURRENT_DATE
	      
2025-04-21 07:50:21.100 UTC [68] DETAIL:  parameters: $1 = '3'
2025-04-21 07:50:21.100 UTC [69] LOG:  execute <unnamed>: 
	        SELECT * FROM reservations
	        WHERE tool_id = $1 AND status IN ('pending', 'active')
	        AND start_date <= CURRENT_DATE AND end_date >= CURRENT_DATE
	      
2025-04-21 07:50:21.100 UTC [69] DETAIL:  parameters: $1 = '4'
2025-04-21 07:50:27.653 UTC [69] LOG:  statement: 
	    SELECT * FROM tools
	  
2025-04-21 07:50:27.656 UTC [69] LOG:  execute <unnamed>: 
	        SELECT * FROM reservations
	        WHERE tool_id = $1 AND status IN ('pending', 'active')
	        AND start_date <= CURRENT_DATE AND end_date >= CURRENT_DATE
	      
2025-04-21 07:50:27.656 UTC [69] DETAIL:  parameters: $1 = '1'
2025-04-21 07:50:27.656 UTC [68] LOG:  execute <unnamed>: 
	        SELECT * FROM reservations
	        WHERE tool_id = $1 AND status IN ('pending', 'active')
	        AND start_date <= CURRENT_DATE AND end_date >= CURRENT_DATE
	      
2025-04-21 07:50:27.656 UTC [68] DETAIL:  parameters: $1 = '2'
2025-04-21 07:50:27.656 UTC [67] LOG:  execute <unnamed>: 
	        SELECT * FROM reservations
	        WHERE tool_id = $1 AND status IN ('pending', 'active')
	        AND start_date <= CURRENT_DATE AND end_date >= CURRENT_DATE
	      
2025-04-21 07:50:27.656 UTC [67] DETAIL:  parameters: $1 = '3'
2025-04-21 07:50:27.657 UTC [66] LOG:  execute <unnamed>: 
	        SELECT * FROM reservations
	        WHERE tool_id = $1 AND status IN ('pending', 'active')
	        AND start_date <= CURRENT_DATE AND end_date >= CURRENT_DATE
	      
2025-04-21 07:50:27.657 UTC [66] DETAIL:  parameters: $1 = '4'
2025-04-21 07:50:46.368 UTC [72] LOG:  execute <unnamed>: SELECT * FROM users WHERE email = $1
2025-04-21 07:50:46.368 UTC [72] DETAIL:  parameters: $1 = 'deepika@gmail.com'
2025-04-21 07:50:47.059 UTC [72] LOG:  statement: 
	    SELECT * FROM tools
	  
2025-04-21 07:50:47.065 UTC [72] LOG:  execute <unnamed>: 
	        SELECT * FROM reservations
	        WHERE tool_id = $1 AND status IN ('pending', 'active')
	        AND start_date <= CURRENT_DATE AND end_date >= CURRENT_DATE
	      
2025-04-21 07:50:47.065 UTC [72] DETAIL:  parameters: $1 = '1'
2025-04-21 07:50:47.098 UTC [74] LOG:  execute <unnamed>: 
	        SELECT * FROM reservations
	        WHERE tool_id = $1 AND status IN ('pending', 'active')
	        AND start_date <= CURRENT_DATE AND end_date >= CURRENT_DATE
	      
2025-04-21 07:50:47.098 UTC [74] DETAIL:  parameters: $1 = '2'
2025-04-21 07:50:47.099 UTC [75] LOG:  execute <unnamed>: 
	        SELECT * FROM reservations
	        WHERE tool_id = $1 AND status IN ('pending', 'active')
	        AND start_date <= CURRENT_DATE AND end_date >= CURRENT_DATE
	      
2025-04-21 07:50:47.099 UTC [75] DETAIL:  parameters: $1 = '4'
2025-04-21 07:50:47.100 UTC [73] LOG:  execute <unnamed>: 
	        SELECT * FROM reservations
	        WHERE tool_id = $1 AND status IN ('pending', 'active')
	        AND start_date <= CURRENT_DATE AND end_date >= CURRENT_DATE
	      
2025-04-21 07:50:47.100 UTC [73] DETAIL:  parameters: $1 = '3'
2025-04-21 07:50:49.970 UTC [73] LOG:  execute <unnamed>: SELECT * FROM tools WHERE id = $1
2025-04-21 07:50:49.970 UTC [73] DETAIL:  parameters: $1 = '1'
2025-04-21 07:50:49.972 UTC [73] LOG:  execute <unnamed>: 
	      SELECT * FROM reservations
	      WHERE tool_id = $1 AND status IN ('pending', 'active')
	      AND start_date <= CURRENT_DATE AND end_date >= CURRENT_DATE
	    
2025-04-21 07:50:49.972 UTC [73] DETAIL:  parameters: $1 = '1'
2025-04-21 07:50:50.022 UTC [73] LOG:  execute <unnamed>: SELECT r.*, u.name AS reviewer_name
	       FROM reviews r
	       JOIN users u ON r.user_id = u.id
	       WHERE r.tool_id = $1
2025-04-21 07:50:50.022 UTC [73] DETAIL:  parameters: $1 = '1'
2025-04-21 07:50:52.068 UTC [73] LOG:  execute <unnamed>: 
	      SELECT * FROM reservations
	      WHERE tool_id = $1 AND NOT (end_date < $2 OR start_date > $3)
	    
2025-04-21 07:50:52.068 UTC [73] DETAIL:  parameters: $1 = '1', $2 = '2025-04-23', $3 = '2025-04-25'
2025-04-21 07:50:52.070 UTC [73] LOG:  execute <unnamed>: INSERT INTO reservations (tool_id, user_id, start_date, end_date, status) VALUES ($1, $2, $3, $4, $5) RETURNING *
2025-04-21 07:50:52.070 UTC [73] DETAIL:  parameters: $1 = '1', $2 = '1', $3 = '2025-04-23', $4 = '2025-04-25', $5 = 'pending'
2025-04-21 07:50:54.953 UTC [73] LOG:  execute <unnamed>: SELECT * FROM reservations WHERE user_id = $1 ORDER BY start_date DESC
2025-04-21 07:50:54.953 UTC [73] DETAIL:  parameters: $1 = '1'
2025-04-21 07:55:19.008 UTC [60] LOG:  checkpoint starting: time
2025-04-21 07:55:23.981 UTC [60] LOG:  checkpoint complete: wrote 52 buffers (0.3%); 0 WAL file(s) added, 0 removed, 0 recycled; write=4.927 s, sync=0.022 s, total=4.974 s; sync files=19, longest=0.016 s, average=0.002 s; distance=243 kB, estimate=243 kB
2025-04-21 08:06:44.644 UTC [1] LOG:  received fast shutdown request
2025-04-21 08:06:44.649 UTC [1] LOG:  aborting any active transactions
2025-04-21 08:06:44.656 UTC [1] LOG:  background worker "logical replication launcher" (PID 65) exited with exit code 1
2025-04-21 08:06:44.656 UTC [60] LOG:  shutting down
2025-04-21 08:06:44.660 UTC [60] LOG:  checkpoint starting: shutdown immediate
2025-04-21 08:06:44.674 UTC [60] LOG:  checkpoint complete: wrote 0 buffers (0.0%); 0 WAL file(s) added, 0 removed, 0 recycled; write=0.001 s, sync=0.001 s, total=0.019 s; sync files=0, longest=0.000 s, average=0.000 s; distance=0 kB, estimate=218 kB
2025-04-21 08:06:44.688 UTC [1] LOG:  database system is shut down
2025-04-21 08:58:53.225 UTC [1] LOG:  starting PostgreSQL 15.12 on x86_64-pc-linux-musl, compiled by gcc (Alpine 14.2.0) 14.2.0, 64-bit
2025-04-21 08:58:53.225 UTC [1] LOG:  listening on IPv4 address "0.0.0.0", port 5432
2025-04-21 08:58:53.225 UTC [1] LOG:  listening on IPv6 address "::", port 5432
2025-04-21 08:58:53.232 UTC [1] LOG:  listening on Unix socket "/var/run/postgresql/.s.PGSQL.5432"
2025-04-21 08:58:53.246 UTC [30] LOG:  database system was shut down at 2025-04-21 08:06:44 UTC
2025-04-21 08:58:53.275 UTC [1] LOG:  database system is ready to accept connections
2025-04-21 08:59:35.924 UTC [1] LOG:  received fast shutdown request
2025-04-21 08:59:35.929 UTC [1] LOG:  aborting any active transactions
2025-04-21 08:59:35.937 UTC [1] LOG:  background worker "logical replication launcher" (PID 33) exited with exit code 1
2025-04-21 08:59:35.938 UTC [28] LOG:  shutting down
2025-04-21 08:59:35.942 UTC [28] LOG:  checkpoint starting: shutdown immediate
2025-04-21 08:59:35.963 UTC [28] LOG:  checkpoint complete: wrote 3 buffers (0.0%); 0 WAL file(s) added, 0 removed, 0 recycled; write=0.006 s, sync=0.003 s, total=0.026 s; sync files=2, longest=0.002 s, average=0.002 s; distance=0 kB, estimate=0 kB
2025-04-21 08:59:35.974 UTC [1] LOG:  database system is shut down
2025-04-21 09:00:31.960 UTC [1] LOG:  starting PostgreSQL 15.12 on x86_64-pc-linux-musl, compiled by gcc (Alpine 14.2.0) 14.2.0, 64-bit
2025-04-21 09:00:31.960 UTC [1] LOG:  listening on IPv4 address "0.0.0.0", port 5432
2025-04-21 09:00:31.960 UTC [1] LOG:  listening on IPv6 address "::", port 5432
2025-04-21 09:00:31.967 UTC [1] LOG:  listening on Unix socket "/var/run/postgresql/.s.PGSQL.5432"
2025-04-21 09:00:31.978 UTC [61] LOG:  database system was shut down at 2025-04-21 09:00:31 UTC
2025-04-21 09:00:31.990 UTC [1] LOG:  database system is ready to accept connections
2025-04-21 09:01:06.490 UTC [66] LOG:  execute <unnamed>: SELECT * FROM reservations WHERE user_id = $1 ORDER BY start_date DESC
2025-04-21 09:01:06.490 UTC [66] DETAIL:  parameters: $1 = '1'
2025-04-21 09:01:07.913 UTC [66] LOG:  statement: 
	    SELECT * FROM tools
	  
2025-04-21 09:01:07.924 UTC [66] LOG:  execute <unnamed>: 
	        SELECT * FROM reservations
	        WHERE tool_id = $1 AND status IN ('pending', 'active')
	        AND start_date <= CURRENT_DATE AND end_date >= CURRENT_DATE
	      
2025-04-21 09:01:07.924 UTC [66] DETAIL:  parameters: $1 = '1'
2025-04-21 09:01:07.957 UTC [68] LOG:  execute <unnamed>: 
	        SELECT * FROM reservations
	        WHERE tool_id = $1 AND status IN ('pending', 'active')
	        AND start_date <= CURRENT_DATE AND end_date >= CURRENT_DATE
	      
2025-04-21 09:01:07.957 UTC [68] DETAIL:  parameters: $1 = '3'
2025-04-21 09:01:07.959 UTC [67] LOG:  execute <unnamed>: 
	        SELECT * FROM reservations
	        WHERE tool_id = $1 AND status IN ('pending', 'active')
	        AND start_date <= CURRENT_DATE AND end_date >= CURRENT_DATE
	      
2025-04-21 09:01:07.959 UTC [67] DETAIL:  parameters: $1 = '2'
2025-04-21 09:01:07.960 UTC [69] LOG:  execute <unnamed>: 
	        SELECT * FROM reservations
	        WHERE tool_id = $1 AND status IN ('pending', 'active')
	        AND start_date <= CURRENT_DATE AND end_date >= CURRENT_DATE
	      
2025-04-21 09:01:07.960 UTC [69] DETAIL:  parameters: $1 = '4'
2025-04-21 09:01:09.173 UTC [69] LOG:  execute <unnamed>: SELECT * FROM tools WHERE id = $1
2025-04-21 09:01:09.173 UTC [69] DETAIL:  parameters: $1 = '1'
2025-04-21 09:01:09.175 UTC [69] LOG:  execute <unnamed>: 
	      SELECT * FROM reservations
	      WHERE tool_id = $1 AND status IN ('pending', 'active')
	      AND start_date <= CURRENT_DATE AND end_date >= CURRENT_DATE
	    
2025-04-21 09:01:09.175 UTC [69] DETAIL:  parameters: $1 = '1'
2025-04-21 09:01:09.213 UTC [69] LOG:  execute <unnamed>: SELECT r.*, u.name AS reviewer_name
	       FROM reviews r
	       JOIN users u ON r.user_id = u.id
	       WHERE r.tool_id = $1
2025-04-21 09:01:09.213 UTC [69] DETAIL:  parameters: $1 = '1'
2025-04-21 09:01:10.358 UTC [69] LOG:  execute <unnamed>: 
	      SELECT * FROM reservations
	      WHERE tool_id = $1 AND NOT (end_date < $2 OR start_date > $3)
	    
2025-04-21 09:01:10.358 UTC [69] DETAIL:  parameters: $1 = '1', $2 = '2025-04-23', $3 = '2025-04-25'
2025-04-21 09:01:10.361 UTC [69] LOG:  execute <unnamed>: INSERT INTO reservations (tool_id, user_id, start_date, end_date, status) VALUES ($1, $2, $3, $4, $5) RETURNING *
2025-04-21 09:01:10.361 UTC [69] DETAIL:  parameters: $1 = '1', $2 = '1', $3 = '2025-04-23', $4 = '2025-04-25', $5 = 'pending'
2025-04-21 09:01:21.047 UTC [69] LOG:  execute <unnamed>: SELECT * FROM reservations WHERE user_id = $1 ORDER BY start_date DESC
2025-04-21 09:01:21.047 UTC [69] DETAIL:  parameters: $1 = '1'
2025-04-21 09:02:10.578 UTC [1] LOG:  received fast shutdown request
2025-04-21 09:02:10.581 UTC [1] LOG:  aborting any active transactions
2025-04-21 09:02:10.586 UTC [1] LOG:  background worker "logical replication launcher" (PID 64) exited with exit code 1
2025-04-21 09:02:10.587 UTC [59] LOG:  shutting down
2025-04-21 09:02:10.590 UTC [59] LOG:  checkpoint starting: shutdown immediate
2025-04-21 09:02:10.619 UTC [59] LOG:  checkpoint complete: wrote 52 buffers (0.3%); 0 WAL file(s) added, 0 removed, 0 recycled; write=0.008 s, sync=0.011 s, total=0.033 s; sync files=19, longest=0.004 s, average=0.001 s; distance=243 kB, estimate=243 kB
2025-04-21 09:02:10.630 UTC [1] LOG:  database system is shut down
2025-04-21 09:02:48.830 UTC [1] LOG:  starting PostgreSQL 15.12 on x86_64-pc-linux-musl, compiled by gcc (Alpine 14.2.0) 14.2.0, 64-bit
2025-04-21 09:02:48.830 UTC [1] LOG:  listening on IPv4 address "0.0.0.0", port 5432
2025-04-21 09:02:48.830 UTC [1] LOG:  listening on IPv6 address "::", port 5432
2025-04-21 09:02:48.839 UTC [1] LOG:  listening on Unix socket "/var/run/postgresql/.s.PGSQL.5432"
2025-04-21 09:02:48.849 UTC [61] LOG:  database system was shut down at 2025-04-21 09:02:48 UTC
2025-04-21 09:02:48.859 UTC [1] LOG:  database system is ready to accept connections
2025-04-21 09:02:54.755 UTC [65] LOG:  statement: 
	    SELECT * FROM tools
	  
2025-04-21 09:02:54.770 UTC [65] LOG:  execute <unnamed>: 
	        SELECT * FROM reservations
	        WHERE tool_id = $1 AND status IN ('pending', 'active')
	        AND start_date <= CURRENT_DATE AND end_date >= CURRENT_DATE
	      
2025-04-21 09:02:54.770 UTC [65] DETAIL:  parameters: $1 = '1'
2025-04-21 09:02:54.803 UTC [66] LOG:  execute <unnamed>: 
	        SELECT * FROM reservations
	        WHERE tool_id = $1 AND status IN ('pending', 'active')
	        AND start_date <= CURRENT_DATE AND end_date >= CURRENT_DATE
	      
2025-04-21 09:02:54.803 UTC [66] DETAIL:  parameters: $1 = '2'
2025-04-21 09:02:54.811 UTC [67] LOG:  execute <unnamed>: 
	        SELECT * FROM reservations
	        WHERE tool_id = $1 AND status IN ('pending', 'active')
	        AND start_date <= CURRENT_DATE AND end_date >= CURRENT_DATE
	      
2025-04-21 09:02:54.811 UTC [67] DETAIL:  parameters: $1 = '3'
2025-04-21 09:02:54.811 UTC [68] LOG:  execute <unnamed>: 
	        SELECT * FROM reservations
	        WHERE tool_id = $1 AND status IN ('pending', 'active')
	        AND start_date <= CURRENT_DATE AND end_date >= CURRENT_DATE
	      
2025-04-21 09:02:54.811 UTC [68] DETAIL:  parameters: $1 = '4'
2025-04-21 09:03:13.212 UTC [70] LOG:  execute <unnamed>: SELECT * FROM users WHERE email = $1
2025-04-21 09:03:13.212 UTC [70] DETAIL:  parameters: $1 = 'deepika@gmail.com'
2025-04-21 09:03:13.934 UTC [70] LOG:  statement: 
	    SELECT * FROM tools
	  
2025-04-21 09:03:13.941 UTC [70] LOG:  execute <unnamed>: 
	        SELECT * FROM reservations
	        WHERE tool_id = $1 AND status IN ('pending', 'active')
	        AND start_date <= CURRENT_DATE AND end_date >= CURRENT_DATE
	      
2025-04-21 09:03:13.941 UTC [70] DETAIL:  parameters: $1 = '1'
2025-04-21 09:03:13.976 UTC [71] LOG:  execute <unnamed>: 
	        SELECT * FROM reservations
	        WHERE tool_id = $1 AND status IN ('pending', 'active')
	        AND start_date <= CURRENT_DATE AND end_date >= CURRENT_DATE
	      
2025-04-21 09:03:13.976 UTC [71] DETAIL:  parameters: $1 = '3'
2025-04-21 09:03:13.978 UTC [72] LOG:  execute <unnamed>: 
	        SELECT * FROM reservations
	        WHERE tool_id = $1 AND status IN ('pending', 'active')
	        AND start_date <= CURRENT_DATE AND end_date >= CURRENT_DATE
	      
2025-04-21 09:03:13.978 UTC [72] DETAIL:  parameters: $1 = '2'
2025-04-21 09:03:13.980 UTC [73] LOG:  execute <unnamed>: 
	        SELECT * FROM reservations
	        WHERE tool_id = $1 AND status IN ('pending', 'active')
	        AND start_date <= CURRENT_DATE AND end_date >= CURRENT_DATE
	      
2025-04-21 09:03:13.980 UTC [73] DETAIL:  parameters: $1 = '4'
2025-04-21 09:05:49.158 UTC [82] LOG:  execute <unnamed>: SELECT * FROM tools WHERE id = $1
2025-04-21 09:05:49.158 UTC [82] DETAIL:  parameters: $1 = '2'
2025-04-21 09:05:49.160 UTC [82] LOG:  execute <unnamed>: 
	      SELECT * FROM reservations
	      WHERE tool_id = $1 AND status IN ('pending', 'active')
	      AND start_date <= CURRENT_DATE AND end_date >= CURRENT_DATE
	    
2025-04-21 09:05:49.160 UTC [82] DETAIL:  parameters: $1 = '2'
2025-04-21 09:05:49.177 UTC [82] LOG:  execute <unnamed>: SELECT r.*, u.name AS reviewer_name
	       FROM reviews r
	       JOIN users u ON r.user_id = u.id
	       WHERE r.tool_id = $1
2025-04-21 09:05:49.177 UTC [82] DETAIL:  parameters: $1 = '2'
2025-04-21 09:05:51.782 UTC [82] LOG:  execute <unnamed>: 
	      SELECT * FROM reservations
	      WHERE tool_id = $1 AND NOT (end_date < $2 OR start_date > $3)
	    
2025-04-21 09:05:51.782 UTC [82] DETAIL:  parameters: $1 = '2', $2 = '2025-04-23', $3 = '2025-04-25'
2025-04-21 09:05:51.783 UTC [82] LOG:  execute <unnamed>: INSERT INTO reservations (tool_id, user_id, start_date, end_date, status) VALUES ($1, $2, $3, $4, $5) RETURNING *
2025-04-21 09:05:51.783 UTC [82] DETAIL:  parameters: $1 = '2', $2 = '1', $3 = '2025-04-23', $4 = '2025-04-25', $5 = 'pending'
2025-04-21 09:05:55.537 UTC [82] LOG:  execute <unnamed>: SELECT * FROM reservations WHERE user_id = $1 ORDER BY start_date DESC
2025-04-21 09:05:55.537 UTC [82] DETAIL:  parameters: $1 = '1'
2025-04-21 09:05:58.611 UTC [82] LOG:  statement: 
	    SELECT * FROM tools
	  
2025-04-21 09:05:58.611 UTC [82] LOG:  execute <unnamed>: 
	        SELECT * FROM reservations
	        WHERE tool_id = $1 AND status IN ('pending', 'active')
	        AND start_date <= CURRENT_DATE AND end_date >= CURRENT_DATE
	      
2025-04-21 09:05:58.611 UTC [82] DETAIL:  parameters: $1 = '1'
2025-04-21 09:05:58.626 UTC [83] LOG:  execute <unnamed>: 
	        SELECT * FROM reservations
	        WHERE tool_id = $1 AND status IN ('pending', 'active')
	        AND start_date <= CURRENT_DATE AND end_date >= CURRENT_DATE
	      
2025-04-21 09:05:58.626 UTC [83] DETAIL:  parameters: $1 = '2'
2025-04-21 09:05:58.627 UTC [84] LOG:  execute <unnamed>: 
	        SELECT * FROM reservations
	        WHERE tool_id = $1 AND status IN ('pending', 'active')
	        AND start_date <= CURRENT_DATE AND end_date >= CURRENT_DATE
	      
2025-04-21 09:05:58.627 UTC [84] DETAIL:  parameters: $1 = '3'
2025-04-21 09:05:58.628 UTC [85] LOG:  execute <unnamed>: 
	        SELECT * FROM reservations
	        WHERE tool_id = $1 AND status IN ('pending', 'active')
	        AND start_date <= CURRENT_DATE AND end_date >= CURRENT_DATE
	      
2025-04-21 09:05:58.628 UTC [85] DETAIL:  parameters: $1 = '4'
2025-04-21 09:06:00.925 UTC [85] LOG:  execute <unnamed>: SELECT * FROM tools WHERE id = $1
2025-04-21 09:06:00.925 UTC [85] DETAIL:  parameters: $1 = '2'
2025-04-21 09:06:00.925 UTC [85] LOG:  execute <unnamed>: 
	      SELECT * FROM reservations
	      WHERE tool_id = $1 AND status IN ('pending', 'active')
	      AND start_date <= CURRENT_DATE AND end_date >= CURRENT_DATE
	    
2025-04-21 09:06:00.925 UTC [85] DETAIL:  parameters: $1 = '2'
2025-04-21 09:06:00.937 UTC [85] LOG:  execute <unnamed>: SELECT r.*, u.name AS reviewer_name
	       FROM reviews r
	       JOIN users u ON r.user_id = u.id
	       WHERE r.tool_id = $1
2025-04-21 09:06:00.937 UTC [85] DETAIL:  parameters: $1 = '2'
2025-04-21 09:06:04.207 UTC [85] LOG:  statement: 
	    SELECT * FROM tools
	  
2025-04-21 09:06:04.208 UTC [85] LOG:  execute <unnamed>: 
	        SELECT * FROM reservations
	        WHERE tool_id = $1 AND status IN ('pending', 'active')
	        AND start_date <= CURRENT_DATE AND end_date >= CURRENT_DATE
	      
2025-04-21 09:06:04.208 UTC [85] DETAIL:  parameters: $1 = '1'
2025-04-21 09:06:04.208 UTC [84] LOG:  execute <unnamed>: 
	        SELECT * FROM reservations
	        WHERE tool_id = $1 AND status IN ('pending', 'active')
	        AND start_date <= CURRENT_DATE AND end_date >= CURRENT_DATE
	      
2025-04-21 09:06:04.208 UTC [84] DETAIL:  parameters: $1 = '2'
2025-04-21 09:06:04.208 UTC [83] LOG:  execute <unnamed>: 
	        SELECT * FROM reservations
	        WHERE tool_id = $1 AND status IN ('pending', 'active')
	        AND start_date <= CURRENT_DATE AND end_date >= CURRENT_DATE
	      
2025-04-21 09:06:04.208 UTC [83] DETAIL:  parameters: $1 = '3'
2025-04-21 09:06:04.208 UTC [82] LOG:  execute <unnamed>: 
	        SELECT * FROM reservations
	        WHERE tool_id = $1 AND status IN ('pending', 'active')
	        AND start_date <= CURRENT_DATE AND end_date >= CURRENT_DATE
	      
2025-04-21 09:06:04.208 UTC [82] DETAIL:  parameters: $1 = '4'
2025-04-21 09:06:05.155 UTC [83] LOG:  execute <unnamed>: SELECT * FROM tools WHERE id = $1
2025-04-21 09:06:05.155 UTC [83] DETAIL:  parameters: $1 = '1'
2025-04-21 09:06:05.156 UTC [83] LOG:  execute <unnamed>: 
	      SELECT * FROM reservations
	      WHERE tool_id = $1 AND status IN ('pending', 'active')
	      AND start_date <= CURRENT_DATE AND end_date >= CURRENT_DATE
	    
2025-04-21 09:06:05.156 UTC [83] DETAIL:  parameters: $1 = '1'
2025-04-21 09:06:05.169 UTC [83] LOG:  execute <unnamed>: SELECT r.*, u.name AS reviewer_name
	       FROM reviews r
	       JOIN users u ON r.user_id = u.id
	       WHERE r.tool_id = $1
2025-04-21 09:06:05.169 UTC [83] DETAIL:  parameters: $1 = '1'
2025-04-21 09:06:06.878 UTC [83] LOG:  execute <unnamed>: 
	      SELECT * FROM reservations
	      WHERE tool_id = $1 AND NOT (end_date < $2 OR start_date > $3)
	    
2025-04-21 09:06:06.878 UTC [83] DETAIL:  parameters: $1 = '1', $2 = '2025-04-23', $3 = '2025-04-25'
2025-04-21 09:06:06.878 UTC [83] LOG:  execute <unnamed>: INSERT INTO reservations (tool_id, user_id, start_date, end_date, status) VALUES ($1, $2, $3, $4, $5) RETURNING *
2025-04-21 09:06:06.878 UTC [83] DETAIL:  parameters: $1 = '1', $2 = '1', $3 = '2025-04-23', $4 = '2025-04-25', $5 = 'pending'
2025-04-21 09:06:10.470 UTC [83] LOG:  execute <unnamed>: SELECT * FROM reservations WHERE user_id = $1 ORDER BY start_date DESC
2025-04-21 09:06:10.470 UTC [83] DETAIL:  parameters: $1 = '1'
2025-04-21 09:06:12.411 UTC [83] LOG:  execute <unnamed>: DELETE FROM reservations WHERE id = $1 AND user_id = $2
2025-04-21 09:06:12.411 UTC [83] DETAIL:  parameters: $1 = '4', $2 = '1'
2025-04-21 09:06:22.029 UTC [83] LOG:  statement: 
	    SELECT * FROM tools
	  
2025-04-21 09:06:22.030 UTC [83] LOG:  execute <unnamed>: 
	        SELECT * FROM reservations
	        WHERE tool_id = $1 AND status IN ('pending', 'active')
	        AND start_date <= CURRENT_DATE AND end_date >= CURRENT_DATE
	      
2025-04-21 09:06:22.030 UTC [83] DETAIL:  parameters: $1 = '1'
2025-04-21 09:06:22.044 UTC [87] LOG:  execute <unnamed>: 
	        SELECT * FROM reservations
	        WHERE tool_id = $1 AND status IN ('pending', 'active')
	        AND start_date <= CURRENT_DATE AND end_date >= CURRENT_DATE
	      
2025-04-21 09:06:22.044 UTC [87] DETAIL:  parameters: $1 = '3'
2025-04-21 09:06:22.044 UTC [88] LOG:  execute <unnamed>: 
	        SELECT * FROM reservations
	        WHERE tool_id = $1 AND status IN ('pending', 'active')
	        AND start_date <= CURRENT_DATE AND end_date >= CURRENT_DATE
	      
2025-04-21 09:06:22.044 UTC [88] DETAIL:  parameters: $1 = '2'
2025-04-21 09:06:22.044 UTC [89] LOG:  execute <unnamed>: 
	        SELECT * FROM reservations
	        WHERE tool_id = $1 AND status IN ('pending', 'active')
	        AND start_date <= CURRENT_DATE AND end_date >= CURRENT_DATE
	      
2025-04-21 09:06:22.044 UTC [89] DETAIL:  parameters: $1 = '4'
2025-04-21 09:07:59.859 UTC [59] LOG:  checkpoint starting: time
2025-04-21 09:08:05.335 UTC [59] LOG:  checkpoint complete: wrote 52 buffers (0.3%); 0 WAL file(s) added, 0 removed, 0 recycled; write=5.459 s, sync=0.012 s, total=5.477 s; sync files=19, longest=0.008 s, average=0.001 s; distance=243 kB, estimate=243 kB
2025-04-21 09:09:10.115 UTC [1] LOG:  received fast shutdown request
2025-04-21 09:09:10.117 UTC [1] LOG:  aborting any active transactions
2025-04-21 09:09:10.120 UTC [1] LOG:  background worker "logical replication launcher" (PID 64) exited with exit code 1
2025-04-21 09:09:10.120 UTC [59] LOG:  shutting down
2025-04-21 09:09:10.122 UTC [59] LOG:  checkpoint starting: shutdown immediate
2025-04-21 09:09:10.127 UTC [59] LOG:  checkpoint complete: wrote 0 buffers (0.0%); 0 WAL file(s) added, 0 removed, 0 recycled; write=0.001 s, sync=0.001 s, total=0.008 s; sync files=0, longest=0.000 s, average=0.000 s; distance=0 kB, estimate=219 kB
2025-04-21 09:09:10.133 UTC [1] LOG:  database system is shut down
2025-04-21 09:28:23.170 UTC [1] LOG:  starting PostgreSQL 15.12 on x86_64-pc-linux-musl, compiled by gcc (Alpine 14.2.0) 14.2.0, 64-bit
2025-04-21 09:28:23.171 UTC [1] LOG:  listening on IPv4 address "0.0.0.0", port 5432
2025-04-21 09:28:23.171 UTC [1] LOG:  listening on IPv6 address "::", port 5432
2025-04-21 09:28:23.174 UTC [1] LOG:  listening on Unix socket "/var/run/postgresql/.s.PGSQL.5432"
2025-04-21 09:28:23.179 UTC [61] LOG:  database system was shut down at 2025-04-21 09:28:23 UTC
2025-04-21 09:28:23.184 UTC [1] LOG:  database system is ready to accept connections
2025-04-21 09:28:28.144 UTC [65] LOG:  statement: 
	    SELECT * FROM tools
	  
2025-04-21 09:28:28.149 UTC [65] LOG:  execute <unnamed>: 
	        SELECT * FROM reservations
	        WHERE tool_id = $1 AND status IN ('pending', 'active')
	        AND start_date <= CURRENT_DATE AND end_date >= CURRENT_DATE
	      
2025-04-21 09:28:28.149 UTC [65] DETAIL:  parameters: $1 = '1'
2025-04-21 09:28:28.161 UTC [66] LOG:  execute <unnamed>: 
	        SELECT * FROM reservations
	        WHERE tool_id = $1 AND status IN ('pending', 'active')
	        AND start_date <= CURRENT_DATE AND end_date >= CURRENT_DATE
	      
2025-04-21 09:28:28.161 UTC [66] DETAIL:  parameters: $1 = '2'
2025-04-21 09:28:28.163 UTC [68] LOG:  execute <unnamed>: 
	        SELECT * FROM reservations
	        WHERE tool_id = $1 AND status IN ('pending', 'active')
	        AND start_date <= CURRENT_DATE AND end_date >= CURRENT_DATE
	      
2025-04-21 09:28:28.163 UTC [68] DETAIL:  parameters: $1 = '4'
2025-04-21 09:28:28.163 UTC [67] LOG:  execute <unnamed>: 
	        SELECT * FROM reservations
	        WHERE tool_id = $1 AND status IN ('pending', 'active')
	        AND start_date <= CURRENT_DATE AND end_date >= CURRENT_DATE
	      
2025-04-21 09:28:28.163 UTC [67] DETAIL:  parameters: $1 = '3'
2025-04-21 09:28:29.147 UTC [67] LOG:  statement: 
	    SELECT * FROM tools
	  
2025-04-21 09:28:29.148 UTC [67] LOG:  execute <unnamed>: 
	        SELECT * FROM reservations
	        WHERE tool_id = $1 AND status IN ('pending', 'active')
	        AND start_date <= CURRENT_DATE AND end_date >= CURRENT_DATE
	      
2025-04-21 09:28:29.148 UTC [67] DETAIL:  parameters: $1 = '1'
2025-04-21 09:28:29.148 UTC [68] LOG:  execute <unnamed>: 
	        SELECT * FROM reservations
	        WHERE tool_id = $1 AND status IN ('pending', 'active')
	        AND start_date <= CURRENT_DATE AND end_date >= CURRENT_DATE
	      
2025-04-21 09:28:29.148 UTC [68] DETAIL:  parameters: $1 = '2'
2025-04-21 09:28:29.148 UTC [66] LOG:  execute <unnamed>: 
	        SELECT * FROM reservations
	        WHERE tool_id = $1 AND status IN ('pending', 'active')
	        AND start_date <= CURRENT_DATE AND end_date >= CURRENT_DATE
	      
2025-04-21 09:28:29.148 UTC [66] DETAIL:  parameters: $1 = '3'
2025-04-21 09:28:29.149 UTC [65] LOG:  execute <unnamed>: 
	        SELECT * FROM reservations
	        WHERE tool_id = $1 AND status IN ('pending', 'active')
	        AND start_date <= CURRENT_DATE AND end_date >= CURRENT_DATE
	      
2025-04-21 09:28:29.149 UTC [65] DETAIL:  parameters: $1 = '4'
2025-04-21 09:28:29.511 UTC [65] LOG:  statement: 
	    SELECT * FROM tools
	  
2025-04-21 09:28:29.512 UTC [65] LOG:  execute <unnamed>: 
	        SELECT * FROM reservations
	        WHERE tool_id = $1 AND status IN ('pending', 'active')
	        AND start_date <= CURRENT_DATE AND end_date >= CURRENT_DATE
	      
2025-04-21 09:28:29.512 UTC [65] DETAIL:  parameters: $1 = '1'
2025-04-21 09:28:29.512 UTC [66] LOG:  execute <unnamed>: 
	        SELECT * FROM reservations
	        WHERE tool_id = $1 AND status IN ('pending', 'active')
	        AND start_date <= CURRENT_DATE AND end_date >= CURRENT_DATE
	      
2025-04-21 09:28:29.512 UTC [66] DETAIL:  parameters: $1 = '2'
2025-04-21 09:28:29.512 UTC [68] LOG:  execute <unnamed>: 
	        SELECT * FROM reservations
	        WHERE tool_id = $1 AND status IN ('pending', 'active')
	        AND start_date <= CURRENT_DATE AND end_date >= CURRENT_DATE
	      
2025-04-21 09:28:29.512 UTC [68] DETAIL:  parameters: $1 = '3'
2025-04-21 09:28:29.513 UTC [67] LOG:  execute <unnamed>: 
	        SELECT * FROM reservations
	        WHERE tool_id = $1 AND status IN ('pending', 'active')
	        AND start_date <= CURRENT_DATE AND end_date >= CURRENT_DATE
	      
2025-04-21 09:28:29.513 UTC [67] DETAIL:  parameters: $1 = '4'
2025-04-21 09:28:29.684 UTC [67] LOG:  statement: 
	    SELECT * FROM tools
	  
2025-04-21 09:28:29.687 UTC [67] LOG:  execute <unnamed>: 
	        SELECT * FROM reservations
	        WHERE tool_id = $1 AND status IN ('pending', 'active')
	        AND start_date <= CURRENT_DATE AND end_date >= CURRENT_DATE
	      
2025-04-21 09:28:29.687 UTC [67] DETAIL:  parameters: $1 = '1'
2025-04-21 09:28:29.687 UTC [68] LOG:  execute <unnamed>: 
	        SELECT * FROM reservations
	        WHERE tool_id = $1 AND status IN ('pending', 'active')
	        AND start_date <= CURRENT_DATE AND end_date >= CURRENT_DATE
	      
2025-04-21 09:28:29.687 UTC [68] DETAIL:  parameters: $1 = '2'
2025-04-21 09:28:29.687 UTC [66] LOG:  execute <unnamed>: 
	        SELECT * FROM reservations
	        WHERE tool_id = $1 AND status IN ('pending', 'active')
	        AND start_date <= CURRENT_DATE AND end_date >= CURRENT_DATE
	      
2025-04-21 09:28:29.687 UTC [66] DETAIL:  parameters: $1 = '3'
2025-04-21 09:28:29.687 UTC [65] LOG:  execute <unnamed>: 
	        SELECT * FROM reservations
	        WHERE tool_id = $1 AND status IN ('pending', 'active')
	        AND start_date <= CURRENT_DATE AND end_date >= CURRENT_DATE
	      
2025-04-21 09:28:29.687 UTC [65] DETAIL:  parameters: $1 = '4'
2025-04-21 09:28:29.890 UTC [65] LOG:  statement: 
	    SELECT * FROM tools
	  
2025-04-21 09:28:29.891 UTC [65] LOG:  execute <unnamed>: 
	        SELECT * FROM reservations
	        WHERE tool_id = $1 AND status IN ('pending', 'active')
	        AND start_date <= CURRENT_DATE AND end_date >= CURRENT_DATE
	      
2025-04-21 09:28:29.891 UTC [65] DETAIL:  parameters: $1 = '1'
2025-04-21 09:28:29.891 UTC [66] LOG:  execute <unnamed>: 
	        SELECT * FROM reservations
	        WHERE tool_id = $1 AND status IN ('pending', 'active')
	        AND start_date <= CURRENT_DATE AND end_date >= CURRENT_DATE
	      
2025-04-21 09:28:29.891 UTC [66] DETAIL:  parameters: $1 = '2'
2025-04-21 09:28:29.891 UTC [68] LOG:  execute <unnamed>: 
	        SELECT * FROM reservations
	        WHERE tool_id = $1 AND status IN ('pending', 'active')
	        AND start_date <= CURRENT_DATE AND end_date >= CURRENT_DATE
	      
2025-04-21 09:28:29.891 UTC [68] DETAIL:  parameters: $1 = '3'
2025-04-21 09:28:29.891 UTC [67] LOG:  execute <unnamed>: 
	        SELECT * FROM reservations
	        WHERE tool_id = $1 AND status IN ('pending', 'active')
	        AND start_date <= CURRENT_DATE AND end_date >= CURRENT_DATE
	      
2025-04-21 09:28:29.891 UTC [67] DETAIL:  parameters: $1 = '4'
2025-04-21 09:28:30.044 UTC [67] LOG:  statement: 
	    SELECT * FROM tools
	  
2025-04-21 09:28:30.045 UTC [68] LOG:  execute <unnamed>: 
	        SELECT * FROM reservations
	        WHERE tool_id = $1 AND status IN ('pending', 'active')
	        AND start_date <= CURRENT_DATE AND end_date >= CURRENT_DATE
	      
2025-04-21 09:28:30.045 UTC [68] DETAIL:  parameters: $1 = '2'
2025-04-21 09:28:30.045 UTC [67] LOG:  execute <unnamed>: 
	        SELECT * FROM reservations
	        WHERE tool_id = $1 AND status IN ('pending', 'active')
	        AND start_date <= CURRENT_DATE AND end_date >= CURRENT_DATE
	      
2025-04-21 09:28:30.045 UTC [67] DETAIL:  parameters: $1 = '1'
2025-04-21 09:28:30.045 UTC [66] LOG:  execute <unnamed>: 
	        SELECT * FROM reservations
	        WHERE tool_id = $1 AND status IN ('pending', 'active')
	        AND start_date <= CURRENT_DATE AND end_date >= CURRENT_DATE
	      
2025-04-21 09:28:30.045 UTC [66] DETAIL:  parameters: $1 = '3'
2025-04-21 09:28:30.045 UTC [65] LOG:  execute <unnamed>: 
	        SELECT * FROM reservations
	        WHERE tool_id = $1 AND status IN ('pending', 'active')
	        AND start_date <= CURRENT_DATE AND end_date >= CURRENT_DATE
	      
2025-04-21 09:28:30.045 UTC [65] DETAIL:  parameters: $1 = '4'
2025-04-21 09:28:45.448 UTC [1] LOG:  received fast shutdown request
2025-04-21 09:28:45.450 UTC [1] LOG:  aborting any active transactions
2025-04-21 09:28:45.452 UTC [1] LOG:  background worker "logical replication launcher" (PID 64) exited with exit code 1
2025-04-21 09:28:45.453 UTC [59] LOG:  shutting down
2025-04-21 09:28:45.454 UTC [59] LOG:  checkpoint starting: shutdown immediate
2025-04-21 09:28:45.469 UTC [59] LOG:  checkpoint complete: wrote 48 buffers (0.3%); 0 WAL file(s) added, 0 removed, 0 recycled; write=0.004 s, sync=0.006 s, total=0.016 s; sync files=15, longest=0.003 s, average=0.001 s; distance=229 kB, estimate=229 kB
2025-04-21 09:28:45.474 UTC [1] LOG:  database system is shut down
2025-04-21 12:46:49.655 UTC [1] LOG:  starting PostgreSQL 15.12 on x86_64-pc-linux-musl, compiled by gcc (Alpine 14.2.0) 14.2.0, 64-bit
2025-04-21 12:46:49.655 UTC [1] LOG:  listening on IPv4 address "0.0.0.0", port 5432
2025-04-21 12:46:49.655 UTC [1] LOG:  listening on IPv6 address "::", port 5432
2025-04-21 12:46:49.659 UTC [1] LOG:  listening on Unix socket "/var/run/postgresql/.s.PGSQL.5432"
2025-04-21 12:46:49.665 UTC [61] LOG:  database system was shut down at 2025-04-21 12:46:49 UTC
2025-04-21 12:46:49.671 UTC [1] LOG:  database system is ready to accept connections
2025-04-21 12:47:06.364 UTC [65] LOG:  statement: 
	    SELECT * FROM tools
	  
2025-04-21 12:47:06.370 UTC [65] LOG:  execute <unnamed>: 
	        SELECT * FROM reservations
	        WHERE tool_id = $1 AND status IN ('pending', 'active')
	        AND start_date <= CURRENT_DATE AND end_date >= CURRENT_DATE
	      
2025-04-21 12:47:06.370 UTC [65] DETAIL:  parameters: $1 = '1'
2025-04-21 12:47:06.383 UTC [66] LOG:  execute <unnamed>: 
	        SELECT * FROM reservations
	        WHERE tool_id = $1 AND status IN ('pending', 'active')
	        AND start_date <= CURRENT_DATE AND end_date >= CURRENT_DATE
	      
2025-04-21 12:47:06.383 UTC [66] DETAIL:  parameters: $1 = '2'
2025-04-21 12:47:06.384 UTC [67] LOG:  execute <unnamed>: 
	        SELECT * FROM reservations
	        WHERE tool_id = $1 AND status IN ('pending', 'active')
	        AND start_date <= CURRENT_DATE AND end_date >= CURRENT_DATE
	      
2025-04-21 12:47:06.384 UTC [67] DETAIL:  parameters: $1 = '3'
2025-04-21 12:47:06.385 UTC [68] LOG:  execute <unnamed>: 
	        SELECT * FROM reservations
	        WHERE tool_id = $1 AND status IN ('pending', 'active')
	        AND start_date <= CURRENT_DATE AND end_date >= CURRENT_DATE
	      
2025-04-21 12:47:06.385 UTC [68] DETAIL:  parameters: $1 = '4'
2025-04-21 12:47:10.524 UTC [68] LOG:  statement: 
	    SELECT * FROM tools
	  
2025-04-21 12:47:10.526 UTC [68] LOG:  execute <unnamed>: 
	        SELECT * FROM reservations
	        WHERE tool_id = $1 AND status IN ('pending', 'active')
	        AND start_date <= CURRENT_DATE AND end_date >= CURRENT_DATE
	      
2025-04-21 12:47:10.526 UTC [68] DETAIL:  parameters: $1 = '1'
2025-04-21 12:47:10.526 UTC [67] LOG:  execute <unnamed>: 
	        SELECT * FROM reservations
	        WHERE tool_id = $1 AND status IN ('pending', 'active')
	        AND start_date <= CURRENT_DATE AND end_date >= CURRENT_DATE
	      
2025-04-21 12:47:10.526 UTC [67] DETAIL:  parameters: $1 = '2'
2025-04-21 12:47:10.526 UTC [66] LOG:  execute <unnamed>: 
	        SELECT * FROM reservations
	        WHERE tool_id = $1 AND status IN ('pending', 'active')
	        AND start_date <= CURRENT_DATE AND end_date >= CURRENT_DATE
	      
2025-04-21 12:47:10.526 UTC [66] DETAIL:  parameters: $1 = '3'
2025-04-21 12:47:10.527 UTC [65] LOG:  execute <unnamed>: 
	        SELECT * FROM reservations
	        WHERE tool_id = $1 AND status IN ('pending', 'active')
	        AND start_date <= CURRENT_DATE AND end_date >= CURRENT_DATE
	      
2025-04-21 12:47:10.527 UTC [65] DETAIL:  parameters: $1 = '4'
2025-04-21 12:47:11.366 UTC [65] LOG:  execute <unnamed>: SELECT * FROM tools WHERE id = $1
2025-04-21 12:47:11.366 UTC [65] DETAIL:  parameters: $1 = '2'
2025-04-21 12:47:11.367 UTC [65] LOG:  execute <unnamed>: 
	      SELECT * FROM reservations
	      WHERE tool_id = $1 AND status IN ('pending', 'active')
	      AND start_date <= CURRENT_DATE AND end_date >= CURRENT_DATE
	    
2025-04-21 12:47:11.367 UTC [65] DETAIL:  parameters: $1 = '2'
2025-04-21 12:47:11.432 UTC [65] LOG:  execute <unnamed>: SELECT r.*, u.name AS reviewer_name
	       FROM reviews r
	       JOIN users u ON r.user_id = u.id
	       WHERE r.tool_id = $1
2025-04-21 12:47:11.432 UTC [65] DETAIL:  parameters: $1 = '2'
2025-04-21 12:47:20.006 UTC [65] LOG:  statement: 
	    SELECT * FROM tools
	  
2025-04-21 12:47:20.007 UTC [65] LOG:  execute <unnamed>: 
	        SELECT * FROM reservations
	        WHERE tool_id = $1 AND status IN ('pending', 'active')
	        AND start_date <= CURRENT_DATE AND end_date >= CURRENT_DATE
	      
2025-04-21 12:47:20.007 UTC [65] DETAIL:  parameters: $1 = '1'
2025-04-21 12:47:20.007 UTC [66] LOG:  execute <unnamed>: 
	        SELECT * FROM reservations
	        WHERE tool_id = $1 AND status IN ('pending', 'active')
	        AND start_date <= CURRENT_DATE AND end_date >= CURRENT_DATE
	      
2025-04-21 12:47:20.007 UTC [66] DETAIL:  parameters: $1 = '2'
2025-04-21 12:47:20.007 UTC [67] LOG:  execute <unnamed>: 
	        SELECT * FROM reservations
	        WHERE tool_id = $1 AND status IN ('pending', 'active')
	        AND start_date <= CURRENT_DATE AND end_date >= CURRENT_DATE
	      
2025-04-21 12:47:20.007 UTC [67] DETAIL:  parameters: $1 = '3'
2025-04-21 12:47:20.008 UTC [68] LOG:  execute <unnamed>: 
	        SELECT * FROM reservations
	        WHERE tool_id = $1 AND status IN ('pending', 'active')
	        AND start_date <= CURRENT_DATE AND end_date >= CURRENT_DATE
	      
2025-04-21 12:47:20.008 UTC [68] DETAIL:  parameters: $1 = '4'
2025-04-21 12:47:21.517 UTC [68] LOG:  execute <unnamed>: SELECT * FROM tools WHERE id = $1
2025-04-21 12:47:21.517 UTC [68] DETAIL:  parameters: $1 = '2'
2025-04-21 12:47:21.518 UTC [68] LOG:  execute <unnamed>: 
	      SELECT * FROM reservations
	      WHERE tool_id = $1 AND status IN ('pending', 'active')
	      AND start_date <= CURRENT_DATE AND end_date >= CURRENT_DATE
	    
2025-04-21 12:47:21.518 UTC [68] DETAIL:  parameters: $1 = '2'
2025-04-21 12:47:21.532 UTC [68] LOG:  execute <unnamed>: SELECT r.*, u.name AS reviewer_name
	       FROM reviews r
	       JOIN users u ON r.user_id = u.id
	       WHERE r.tool_id = $1
2025-04-21 12:47:21.532 UTC [68] DETAIL:  parameters: $1 = '2'
2025-04-21 12:47:28.180 UTC [68] LOG:  statement: 
	    SELECT * FROM tools
	  
2025-04-21 12:47:28.181 UTC [68] LOG:  execute <unnamed>: 
	        SELECT * FROM reservations
	        WHERE tool_id = $1 AND status IN ('pending', 'active')
	        AND start_date <= CURRENT_DATE AND end_date >= CURRENT_DATE
	      
2025-04-21 12:47:28.181 UTC [68] DETAIL:  parameters: $1 = '1'
2025-04-21 12:47:28.181 UTC [67] LOG:  execute <unnamed>: 
	        SELECT * FROM reservations
	        WHERE tool_id = $1 AND status IN ('pending', 'active')
	        AND start_date <= CURRENT_DATE AND end_date >= CURRENT_DATE
	      
2025-04-21 12:47:28.181 UTC [67] DETAIL:  parameters: $1 = '2'
2025-04-21 12:47:28.181 UTC [66] LOG:  execute <unnamed>: 
	        SELECT * FROM reservations
	        WHERE tool_id = $1 AND status IN ('pending', 'active')
	        AND start_date <= CURRENT_DATE AND end_date >= CURRENT_DATE
	      
2025-04-21 12:47:28.181 UTC [66] DETAIL:  parameters: $1 = '3'
2025-04-21 12:47:28.181 UTC [65] LOG:  execute <unnamed>: 
	        SELECT * FROM reservations
	        WHERE tool_id = $1 AND status IN ('pending', 'active')
	        AND start_date <= CURRENT_DATE AND end_date >= CURRENT_DATE
	      
2025-04-21 12:47:28.181 UTC [65] DETAIL:  parameters: $1 = '4'
2025-04-21 12:47:29.467 UTC [65] LOG:  execute <unnamed>: SELECT * FROM tools WHERE id = $1
2025-04-21 12:47:29.467 UTC [65] DETAIL:  parameters: $1 = '4'
2025-04-21 12:47:29.467 UTC [65] LOG:  execute <unnamed>: 
	      SELECT * FROM reservations
	      WHERE tool_id = $1 AND status IN ('pending', 'active')
	      AND start_date <= CURRENT_DATE AND end_date >= CURRENT_DATE
	    
2025-04-21 12:47:29.467 UTC [65] DETAIL:  parameters: $1 = '4'
2025-04-21 12:47:29.479 UTC [65] LOG:  execute <unnamed>: SELECT r.*, u.name AS reviewer_name
	       FROM reviews r
	       JOIN users u ON r.user_id = u.id
	       WHERE r.tool_id = $1
2025-04-21 12:47:29.479 UTC [65] DETAIL:  parameters: $1 = '4'
2025-04-21 12:47:40.506 UTC [71] LOG:  statement: 
	    SELECT * FROM tools
	  
2025-04-21 12:47:40.509 UTC [71] LOG:  execute <unnamed>: 
	        SELECT * FROM reservations
	        WHERE tool_id = $1 AND status IN ('pending', 'active')
	        AND start_date <= CURRENT_DATE AND end_date >= CURRENT_DATE
	      
2025-04-21 12:47:40.509 UTC [71] DETAIL:  parameters: $1 = '1'
2025-04-21 12:47:40.521 UTC [72] LOG:  execute <unnamed>: 
	        SELECT * FROM reservations
	        WHERE tool_id = $1 AND status IN ('pending', 'active')
	        AND start_date <= CURRENT_DATE AND end_date >= CURRENT_DATE
	      
2025-04-21 12:47:40.521 UTC [72] DETAIL:  parameters: $1 = '2'
2025-04-21 12:47:40.522 UTC [74] LOG:  execute <unnamed>: 
	        SELECT * FROM reservations
	        WHERE tool_id = $1 AND status IN ('pending', 'active')
	        AND start_date <= CURRENT_DATE AND end_date >= CURRENT_DATE
	      
2025-04-21 12:47:40.522 UTC [74] DETAIL:  parameters: $1 = '4'
2025-04-21 12:47:40.522 UTC [73] LOG:  execute <unnamed>: 
	        SELECT * FROM reservations
	        WHERE tool_id = $1 AND status IN ('pending', 'active')
	        AND start_date <= CURRENT_DATE AND end_date >= CURRENT_DATE
	      
2025-04-21 12:47:40.522 UTC [73] DETAIL:  parameters: $1 = '3'
2025-04-21 12:47:47.721 UTC [73] LOG:  execute <unnamed>: SELECT * FROM tools WHERE id = $1
2025-04-21 12:47:47.721 UTC [73] DETAIL:  parameters: $1 = '3'
2025-04-21 12:47:47.722 UTC [73] LOG:  execute <unnamed>: 
	      SELECT * FROM reservations
	      WHERE tool_id = $1 AND status IN ('pending', 'active')
	      AND start_date <= CURRENT_DATE AND end_date >= CURRENT_DATE
	    
2025-04-21 12:47:47.722 UTC [73] DETAIL:  parameters: $1 = '3'
2025-04-21 12:47:47.733 UTC [73] LOG:  execute <unnamed>: SELECT r.*, u.name AS reviewer_name
	       FROM reviews r
	       JOIN users u ON r.user_id = u.id
	       WHERE r.tool_id = $1
2025-04-21 12:47:47.733 UTC [73] DETAIL:  parameters: $1 = '3'
2025-04-21 12:51:50.307 UTC [59] LOG:  checkpoint starting: time
2025-04-21 12:51:55.246 UTC [59] LOG:  checkpoint complete: wrote 52 buffers (0.3%); 0 WAL file(s) added, 0 removed, 0 recycled; write=4.915 s, sync=0.012 s, total=4.939 s; sync files=17, longest=0.009 s, average=0.001 s; distance=252 kB, estimate=252 kB
2025-04-21 12:53:22.715 UTC [1] LOG:  received fast shutdown request
2025-04-21 12:53:22.717 UTC [1] LOG:  aborting any active transactions
2025-04-21 12:53:22.719 UTC [1] LOG:  background worker "logical replication launcher" (PID 64) exited with exit code 1
2025-04-21 12:53:22.719 UTC [59] LOG:  shutting down
2025-04-21 12:53:22.721 UTC [59] LOG:  checkpoint starting: shutdown immediate
2025-04-21 12:53:22.729 UTC [59] LOG:  checkpoint complete: wrote 0 buffers (0.0%); 0 WAL file(s) added, 0 removed, 0 recycled; write=0.001 s, sync=0.001 s, total=0.011 s; sync files=0, longest=0.000 s, average=0.000 s; distance=0 kB, estimate=227 kB
2025-04-21 12:53:22.735 UTC [1] LOG:  database system is shut down
2025-04-27 15:28:38.704 UTC [1] LOG:  starting PostgreSQL 15.12 on x86_64-pc-linux-musl, compiled by gcc (Alpine 14.2.0) 14.2.0, 64-bit
2025-04-27 15:28:38.704 UTC [1] LOG:  listening on IPv4 address "0.0.0.0", port 5432
2025-04-27 15:28:38.704 UTC [1] LOG:  listening on IPv6 address "::", port 5432
2025-04-27 15:28:38.714 UTC [1] LOG:  listening on Unix socket "/var/run/postgresql/.s.PGSQL.5432"
2025-04-27 15:28:38.725 UTC [61] LOG:  database system was shut down at 2025-04-27 15:28:38 UTC
2025-04-27 15:28:38.733 UTC [1] LOG:  database system is ready to accept connections
2025-04-27 15:30:00.456 UTC [1] LOG:  received fast shutdown request
2025-04-27 15:30:00.462 UTC [1] LOG:  aborting any active transactions
2025-04-27 15:30:00.463 UTC [1] LOG:  background worker "logical replication launcher" (PID 64) exited with exit code 1
2025-04-27 15:30:00.463 UTC [59] LOG:  shutting down
2025-04-27 15:30:00.468 UTC [59] LOG:  checkpoint starting: shutdown immediate
2025-04-27 15:30:00.519 UTC [59] LOG:  checkpoint complete: wrote 46 buffers (0.3%); 0 WAL file(s) added, 0 removed, 0 recycled; write=0.011 s, sync=0.021 s, total=0.056 s; sync files=13, longest=0.006 s, average=0.002 s; distance=229 kB, estimate=229 kB
2025-04-27 15:30:00.522 UTC [1] LOG:  database system is shut down
2025-04-27 15:31:08.074 UTC [1] LOG:  starting PostgreSQL 15.12 on x86_64-pc-linux-musl, compiled by gcc (Alpine 14.2.0) 14.2.0, 64-bit
2025-04-27 15:31:08.075 UTC [1] LOG:  listening on IPv4 address "0.0.0.0", port 5432
2025-04-27 15:31:08.075 UTC [1] LOG:  listening on IPv6 address "::", port 5432
2025-04-27 15:31:08.085 UTC [1] LOG:  listening on Unix socket "/var/run/postgresql/.s.PGSQL.5432"
2025-04-27 15:31:08.095 UTC [62] LOG:  database system was shut down at 2025-04-27 15:31:08 UTC
2025-04-27 15:31:08.103 UTC [1] LOG:  database system is ready to accept connections
2025-04-27 15:33:19.903 UTC [1] LOG:  received fast shutdown request
2025-04-27 15:33:19.908 UTC [1] LOG:  aborting any active transactions
2025-04-27 15:33:19.910 UTC [1] LOG:  background worker "logical replication launcher" (PID 65) exited with exit code 1
2025-04-27 15:33:19.910 UTC [60] LOG:  shutting down
2025-04-27 15:33:19.915 UTC [60] LOG:  checkpoint starting: shutdown immediate
2025-04-27 15:33:19.966 UTC [60] LOG:  checkpoint complete: wrote 48 buffers (0.3%); 0 WAL file(s) added, 0 removed, 0 recycled; write=0.011 s, sync=0.023 s, total=0.057 s; sync files=13, longest=0.006 s, average=0.002 s; distance=252 kB, estimate=252 kB
2025-04-27 15:35:03.587 UTC [1] LOG:  starting PostgreSQL 15.12 on x86_64-pc-linux-musl, compiled by gcc (Alpine 14.2.0) 14.2.0, 64-bit
2025-04-27 15:35:03.587 UTC [1] LOG:  listening on IPv4 address "0.0.0.0", port 5432
2025-04-27 15:35:03.587 UTC [1] LOG:  listening on IPv6 address "::", port 5432
2025-04-27 15:35:03.599 UTC [1] LOG:  listening on Unix socket "/var/run/postgresql/.s.PGSQL.5432"
2025-04-27 15:35:03.615 UTC [61] LOG:  database system was shut down at 2025-04-27 15:35:03 UTC
2025-04-27 15:35:03.623 UTC [1] LOG:  database system is ready to accept connections
2025-04-27 15:35:15.208 UTC [65] LOG:  statement: 
2025-04-27 15:35:15.209 UTC [65] LOG:  statement: SELECT NOW()
2025-04-27 15:35:15.210 UTC [65] LOG:  statement: 
2025-04-27 15:35:15.210 UTC [65] LOG:  statement: SELECT 'citext'::regtype::oid
2025-04-27 15:35:15.211 UTC [65] ERROR:  type "citext" does not exist at character 8
2025-04-27 15:35:15.211 UTC [65] STATEMENT:  SELECT 'citext'::regtype::oid
2025-04-27 15:35:15.212 UTC [65] LOG:  statement: 
2025-04-27 15:35:15.217 UTC [65] LOG:  statement: SELECT VERSION()
2025-04-27 15:35:15.218 UTC [65] LOG:  statement: 
2025-04-27 15:35:15.219 UTC [65] LOG:  statement: SET statement_timeout TO 30000
2025-04-27 15:35:15.219 UTC [65] LOG:  statement: 
2025-04-27 15:35:15.220 UTC [65] LOG:  statement: SELECT EXTRACT(EPOCH FROM CURRENT_TIMESTAMP - pg_postmaster_start_time())::INTEGER
2025-04-27 15:35:15.221 UTC [65] LOG:  statement: 
2025-04-27 15:35:15.222 UTC [65] LOG:  statement: SHOW ssl
2025-04-27 15:35:15.223 UTC [65] LOG:  statement: 
2025-04-27 15:35:15.239 UTC [65] LOG:  statement: 
2025-04-27 15:35:15.240 UTC [65] LOG:  statement: SELECT table_name FROM information_schema.tables WHERE table_schema='information_schema'
2025-04-27 15:35:15.246 UTC [65] LOG:  statement: 
2025-04-27 15:35:15.249 UTC [65] LOG:  statement: SELECT "nspname" FROM "pg_catalog"."pg_namespace" ORDER BY "nspname"
2025-04-27 15:35:15.252 UTC [65] LOG:  statement: 
2025-04-27 15:35:15.253 UTC [65] LOG:  statement: SET search_path TO 'public', '$user'
2025-04-27 15:35:15.268 UTC [65] LOG:  statement: 
2025-04-27 15:35:15.270 UTC [65] LOG:  statement: SELECT *, pg_table_size(QUOTE_IDENT(t.TABLE_SCHEMA) || '.' || QUOTE_IDENT(t.TABLE_NAME))::bigint AS data_length, pg_relation_size(QUOTE_IDENT(t.TABLE_SCHEMA) || '.' || QUOTE_IDENT(t.TABLE_NAME))::bigint AS index_length, c.reltuples, obj_description(c.oid) AS comment FROM "information_schema"."tables" AS t LEFT JOIN "pg_namespace" n ON t.table_schema = n.nspname LEFT JOIN "pg_class" c ON n.oid = c.relnamespace AND c.relname=t.table_name WHERE t."table_schema"='public'
2025-04-27 15:35:15.279 UTC [65] LOG:  statement: 
2025-04-27 15:35:15.280 UTC [65] LOG:  statement: SELECT "p"."proname", "p"."proargtypes" FROM "pg_catalog"."pg_namespace" AS "n" JOIN "pg_catalog"."pg_proc" AS "p" ON "p"."pronamespace" = "n"."oid" WHERE "n"."nspname"='public'
2025-04-27 15:35:20.060 UTC [65] LOG:  statement: 
2025-04-27 15:35:20.064 UTC [65] LOG:  statement: SELECT * FROM "information_schema"."columns" WHERE TABLE_SCHEMA='public' AND TABLE_NAME='users' ORDER BY ORDINAL_POSITION
2025-04-27 15:35:20.076 UTC [65] LOG:  statement: 
2025-04-27 15:35:20.080 UTC [65] LOG:  statement: SELECT a.attname AS column, des.description AS comment FROM pg_attribute AS a, pg_description AS des, pg_class AS pgc WHERE     pgc.oid = a.attrelid     AND des.objoid = pgc.oid     AND pg_table_is_visible(pgc.oid)     AND pgc.relname = 'users'     AND a.attnum = des.objsubid
2025-04-27 15:35:20.081 UTC [65] LOG:  statement: 
2025-04-27 15:35:20.085 UTC [65] LOG:  statement: WITH ndx_list AS (    SELECT pg_index.indexrelid, pg_class.oid    FROM pg_index, pg_class    WHERE pg_class.relname = 'users'    AND pg_class.oid = pg_index.indrelid  ),  ndx_cols AS (    SELECT pg_class.relname, UNNEST(i.indkey) AS col_ndx,    CASE i.indisprimary WHEN true THEN 'PRIMARY' ELSE CASE i.indisunique WHEN true THEN 'UNIQUE' ELSE 'KEY' END END AS CONSTRAINT_TYPE,    pg_class.oid    FROM pg_class    JOIN pg_index i ON (pg_class.oid = i.indexrelid)    JOIN ndx_list ON (pg_class.oid = ndx_list.indexrelid)    WHERE pg_table_is_visible(pg_class.oid)  )SELECT ndx_cols.relname AS CONSTRAINT_NAME, ndx_cols.CONSTRAINT_TYPE, a.attname AS COLUMN_NAME FROM pg_attribute a JOIN ndx_cols ON (a.attnum = ndx_cols.col_ndx) JOIN ndx_list ON (ndx_list.oid = a.attrelid AND ndx_list.indexrelid = ndx_cols.oid)
2025-04-27 15:35:20.087 UTC [65] LOG:  statement: 
2025-04-27 15:35:20.090 UTC [65] LOG:  statement: SELECT   refc.constraint_name,   refc.update_rule,   refc.delete_rule,   kcu.table_name,   STRING_AGG(distinct kcu.column_name, ',') AS columns,   ccu.table_schema AS ref_schema,   ccu.table_name AS ref_table,   STRING_AGG(distinct ccu.column_name, ',') AS ref_columns,   STRING_AGG(distinct kcu.ordinal_position::text, ',') AS ord_position FROM   information_schema.referential_constraints AS refc,   information_schema.key_column_usage AS kcu,   information_schema.constraint_column_usage AS ccu WHERE   refc.constraint_schema = 'public'   AND kcu.table_name = 'users'   AND kcu.constraint_name = refc.constraint_name   AND kcu.table_schema = refc.constraint_schema   AND ccu.constraint_name = refc.constraint_name   AND ccu.constraint_schema = refc.constraint_schema GROUP BY   refc.constraint_name,   refc.update_rule,   refc.delete_rule,   kcu.table_name,   ccu.table_schema,   ccu.table_name ORDER BY   ord_position
2025-04-27 15:35:20.461 UTC [65] LOG:  statement: 
2025-04-27 15:35:20.494 UTC [65] LOG:  statement: 
2025-04-27 15:35:20.497 UTC [65] LOG:  statement: SELECT tc.CONSTRAINT_NAME, cc.CHECK_CLAUSE FROM "information_schema"."check_constraints" AS cc, "information_schema"."table_constraints" AS tc WHERE tc.CONSTRAINT_SCHEMA='public' AND tc.TABLE_NAME='users' AND tc.CONSTRAINT_TYPE='CHECK' AND tc.CONSTRAINT_SCHEMA=cc.CONSTRAINT_SCHEMA AND tc.CONSTRAINT_NAME=cc.CONSTRAINT_NAME AND cc.CONSTRAINT_NAME NOT LIKE '%\_not\_null'
2025-04-27 15:35:24.604 UTC [65] LOG:  statement: 
2025-04-27 15:35:24.606 UTC [65] LOG:  statement: 
2025-04-27 15:35:24.609 UTC [65] LOG:  statement: SELECT  "id", SUBSTRING("name", 1, 256), SUBSTRING("email", 1, 256), SUBSTRING("password_hash", 1, 256), SUBSTRING("role", 1, 256) FROM "public"."users" LIMIT 1000
2025-04-27 15:35:43.041 UTC [65] LOG:  statement: 
2025-04-27 15:36:04.064 UTC [65] LOG:  statement: 
2025-04-27 15:36:22.434 UTC [65] LOG:  statement: 
2025-04-27 15:36:39.140 UTC [1] LOG:  received fast shutdown request
2025-04-27 15:36:39.146 UTC [1] LOG:  aborting any active transactions
2025-04-27 15:36:39.146 UTC [65] FATAL:  terminating connection due to administrator command
2025-04-27 15:36:39.147 UTC [1] LOG:  background worker "logical replication launcher" (PID 64) exited with exit code 1
2025-04-27 15:36:39.148 UTC [59] LOG:  shutting down
2025-04-27 15:36:39.153 UTC [59] LOG:  checkpoint starting: shutdown immediate
2025-04-27 15:36:39.208 UTC [59] LOG:  checkpoint complete: wrote 55 buffers (0.3%); 0 WAL file(s) added, 0 removed, 0 recycled; write=0.011 s, sync=0.028 s, total=0.061 s; sync files=18, longest=0.006 s, average=0.002 s; distance=252 kB, estimate=252 kB
2025-04-27 15:36:39.212 UTC [1] LOG:  database system is shut down
2025-04-27 15:37:07.226 UTC [1] LOG:  starting PostgreSQL 15.12 on x86_64-pc-linux-musl, compiled by gcc (Alpine 14.2.0) 14.2.0, 64-bit
2025-04-27 15:37:07.226 UTC [1] LOG:  listening on IPv4 address "0.0.0.0", port 5432
2025-04-27 15:37:07.226 UTC [1] LOG:  listening on IPv6 address "::", port 5432
2025-04-27 15:37:07.236 UTC [1] LOG:  listening on Unix socket "/var/run/postgresql/.s.PGSQL.5432"
2025-04-27 15:37:07.246 UTC [61] LOG:  database system was shut down at 2025-04-27 15:37:07 UTC
2025-04-27 15:37:07.254 UTC [1] LOG:  database system is ready to accept connections
2025-04-27 15:39:20.907 UTC [1] LOG:  received fast shutdown request
2025-04-27 15:39:20.913 UTC [1] LOG:  aborting any active transactions
2025-04-27 15:39:20.915 UTC [1] LOG:  background worker "logical replication launcher" (PID 64) exited with exit code 1
2025-04-27 15:39:20.915 UTC [59] LOG:  shutting down
2025-04-27 15:39:20.920 UTC [59] LOG:  checkpoint starting: shutdown immediate
2025-04-27 15:39:20.976 UTC [59] LOG:  checkpoint complete: wrote 48 buffers (0.3%); 0 WAL file(s) added, 0 removed, 0 recycled; write=0.012 s, sync=0.024 s, total=0.062 s; sync files=13, longest=0.007 s, average=0.002 s; distance=252 kB, estimate=252 kB
2025-04-27 15:39:20.980 UTC [1] LOG:  database system is shut down
2025-04-27 15:40:24.031 UTC [1] LOG:  starting PostgreSQL 15.12 on x86_64-pc-linux-musl, compiled by gcc (Alpine 14.2.0) 14.2.0, 64-bit
2025-04-27 15:40:24.031 UTC [1] LOG:  listening on IPv4 address "0.0.0.0", port 5432
2025-04-27 15:40:24.031 UTC [1] LOG:  listening on IPv6 address "::", port 5432
2025-04-27 15:40:24.042 UTC [1] LOG:  listening on Unix socket "/var/run/postgresql/.s.PGSQL.5432"
2025-04-27 15:40:24.054 UTC [30] LOG:  database system was shut down at 2025-04-27 15:39:20 UTC
2025-04-27 15:40:24.068 UTC [1] LOG:  database system is ready to accept connections
2025-04-27 15:40:34.192 UTC [34] LOG:  statement: 
	    SELECT * FROM tools
	  
2025-04-27 15:40:34.211 UTC [34] LOG:  execute <unnamed>: 
	        SELECT * FROM reservations
	        WHERE tool_id = $1 AND status IN ('pending', 'active')
	        AND start_date <= CURRENT_DATE AND end_date >= CURRENT_DATE
	      
2025-04-27 15:40:34.211 UTC [34] DETAIL:  parameters: $1 = '1'
2025-04-27 15:40:34.221 UTC [36] LOG:  execute <unnamed>: 
	        SELECT * FROM reservations
	        WHERE tool_id = $1 AND status IN ('pending', 'active')
	        AND start_date <= CURRENT_DATE AND end_date >= CURRENT_DATE
	      
2025-04-27 15:40:34.221 UTC [36] DETAIL:  parameters: $1 = '3'
2025-04-27 15:40:34.223 UTC [37] LOG:  execute <unnamed>: 
	        SELECT * FROM reservations
	        WHERE tool_id = $1 AND status IN ('pending', 'active')
	        AND start_date <= CURRENT_DATE AND end_date >= CURRENT_DATE
	      
2025-04-27 15:40:34.223 UTC [37] DETAIL:  parameters: $1 = '4'
2025-04-27 15:40:34.223 UTC [35] LOG:  execute <unnamed>: 
	        SELECT * FROM reservations
	        WHERE tool_id = $1 AND status IN ('pending', 'active')
	        AND start_date <= CURRENT_DATE AND end_date >= CURRENT_DATE
	      
2025-04-27 15:40:34.223 UTC [35] DETAIL:  parameters: $1 = '2'
2025-04-27 15:41:44.153 UTC [1] LOG:  received fast shutdown request
2025-04-27 15:41:44.158 UTC [1] LOG:  aborting any active transactions
2025-04-27 15:41:44.160 UTC [1] LOG:  background worker "logical replication launcher" (PID 33) exited with exit code 1
2025-04-27 15:41:44.160 UTC [28] LOG:  shutting down
2025-04-27 15:41:44.165 UTC [28] LOG:  checkpoint starting: shutdown immediate
2025-04-27 15:41:44.203 UTC [28] LOG:  checkpoint complete: wrote 5 buffers (0.0%); 0 WAL file(s) added, 0 removed, 0 recycled; write=0.011 s, sync=0.011 s, total=0.044 s; sync files=4, longest=0.006 s, average=0.003 s; distance=0 kB, estimate=0 kB
2025-04-27 15:41:44.206 UTC [1] LOG:  database system is shut down
2025-04-27 15:47:49.884 UTC [1] LOG:  starting PostgreSQL 15.12 on x86_64-pc-linux-musl, compiled by gcc (Alpine 14.2.0) 14.2.0, 64-bit
2025-04-27 15:47:49.884 UTC [1] LOG:  listening on IPv4 address "0.0.0.0", port 5432
2025-04-27 15:47:49.884 UTC [1] LOG:  listening on IPv6 address "::", port 5432
2025-04-27 15:47:49.894 UTC [1] LOG:  listening on Unix socket "/var/run/postgresql/.s.PGSQL.5432"
2025-04-27 15:47:49.905 UTC [61] LOG:  database system was shut down at 2025-04-27 15:47:49 UTC
2025-04-27 15:47:49.912 UTC [1] LOG:  database system is ready to accept connections
2025-04-27 15:48:07.887 UTC [65] LOG:  statement: 
2025-04-27 15:48:07.888 UTC [65] LOG:  statement: SELECT NOW()
2025-04-27 15:48:07.889 UTC [65] LOG:  statement: 
2025-04-27 15:48:07.890 UTC [65] LOG:  statement: SELECT 'citext'::regtype::oid
2025-04-27 15:48:07.892 UTC [65] ERROR:  type "citext" does not exist at character 8
2025-04-27 15:48:07.892 UTC [65] STATEMENT:  SELECT 'citext'::regtype::oid
2025-04-27 15:48:07.893 UTC [65] LOG:  statement: 
2025-04-27 15:48:07.897 UTC [65] LOG:  statement: SELECT VERSION()
2025-04-27 15:48:07.898 UTC [65] LOG:  statement: 
2025-04-27 15:48:07.899 UTC [65] LOG:  statement: SET statement_timeout TO 30000
2025-04-27 15:48:07.900 UTC [65] LOG:  statement: 
2025-04-27 15:48:07.901 UTC [65] LOG:  statement: SELECT EXTRACT(EPOCH FROM CURRENT_TIMESTAMP - pg_postmaster_start_time())::INTEGER
2025-04-27 15:48:07.903 UTC [65] LOG:  statement: 
2025-04-27 15:48:07.904 UTC [65] LOG:  statement: SHOW ssl
2025-04-27 15:48:07.905 UTC [65] LOG:  statement: 
2025-04-27 15:48:07.908 UTC [65] LOG:  statement: 
2025-04-27 15:48:07.909 UTC [65] LOG:  statement: SELECT table_name FROM information_schema.tables WHERE table_schema='information_schema'
2025-04-27 15:48:07.914 UTC [65] LOG:  statement: 
2025-04-27 15:48:07.915 UTC [65] LOG:  statement: SELECT "nspname" FROM "pg_catalog"."pg_namespace" ORDER BY "nspname"
2025-04-27 15:48:07.918 UTC [65] LOG:  statement: 
2025-04-27 15:48:07.919 UTC [65] LOG:  statement: SET search_path TO 'public', '$user'
2025-04-27 15:48:07.941 UTC [65] LOG:  statement: 
2025-04-27 15:48:07.943 UTC [65] LOG:  statement: SELECT *, pg_table_size(QUOTE_IDENT(t.TABLE_SCHEMA) || '.' || QUOTE_IDENT(t.TABLE_NAME))::bigint AS data_length, pg_relation_size(QUOTE_IDENT(t.TABLE_SCHEMA) || '.' || QUOTE_IDENT(t.TABLE_NAME))::bigint AS index_length, c.reltuples, obj_description(c.oid) AS comment FROM "information_schema"."tables" AS t LEFT JOIN "pg_namespace" n ON t.table_schema = n.nspname LEFT JOIN "pg_class" c ON n.oid = c.relnamespace AND c.relname=t.table_name WHERE t."table_schema"='public'
2025-04-27 15:48:07.966 UTC [65] LOG:  statement: 
2025-04-27 15:48:07.968 UTC [65] LOG:  statement: SELECT "p"."proname", "p"."proargtypes" FROM "pg_catalog"."pg_namespace" AS "n" JOIN "pg_catalog"."pg_proc" AS "p" ON "p"."pronamespace" = "n"."oid" WHERE "n"."nspname"='public'
2025-04-27 15:48:08.876 UTC [65] LOG:  statement: 
2025-04-27 15:51:35.453 UTC [1] LOG:  received fast shutdown request
2025-04-27 15:51:35.459 UTC [1] LOG:  aborting any active transactions
2025-04-27 15:51:35.460 UTC [1] LOG:  background worker "logical replication launcher" (PID 64) exited with exit code 1
2025-04-27 15:51:35.460 UTC [59] LOG:  shutting down
2025-04-27 15:51:35.466 UTC [59] LOG:  checkpoint starting: shutdown immediate
2025-04-27 15:51:35.517 UTC [59] LOG:  checkpoint complete: wrote 51 buffers (0.3%); 0 WAL file(s) added, 0 removed, 0 recycled; write=0.010 s, sync=0.024 s, total=0.057 s; sync files=15, longest=0.006 s, average=0.002 s; distance=252 kB, estimate=252 kB
2025-04-27 15:51:35.520 UTC [1] LOG:  database system is shut down
2025-04-27 15:52:06.193 UTC [1] LOG:  starting PostgreSQL 15.12 on x86_64-pc-linux-musl, compiled by gcc (Alpine 14.2.0) 14.2.0, 64-bit
2025-04-27 15:52:06.193 UTC [1] LOG:  listening on IPv4 address "0.0.0.0", port 5432
2025-04-27 15:52:06.193 UTC [1] LOG:  listening on IPv6 address "::", port 5432
2025-04-27 15:52:06.203 UTC [1] LOG:  listening on Unix socket "/var/run/postgresql/.s.PGSQL.5432"
2025-04-27 15:52:06.214 UTC [61] LOG:  database system was shut down at 2025-04-27 15:52:06 UTC
2025-04-27 15:52:06.222 UTC [1] LOG:  database system is ready to accept connections
2025-04-27 15:54:19.154 UTC [1] LOG:  received fast shutdown request
2025-04-27 15:54:19.160 UTC [1] LOG:  aborting any active transactions
2025-04-27 15:54:19.161 UTC [1] LOG:  background worker "logical replication launcher" (PID 64) exited with exit code 1
2025-04-27 15:54:19.161 UTC [59] LOG:  shutting down
2025-04-27 15:54:19.166 UTC [59] LOG:  checkpoint starting: shutdown immediate
2025-04-27 15:54:19.216 UTC [59] LOG:  checkpoint complete: wrote 48 buffers (0.3%); 0 WAL file(s) added, 0 removed, 0 recycled; write=0.011 s, sync=0.021 s, total=0.055 s; sync files=13, longest=0.007 s, average=0.002 s; distance=252 kB, estimate=252 kB
2025-04-27 15:54:19.219 UTC [1] LOG:  database system is shut down
2025-04-27 15:55:10.045 UTC [1] LOG:  starting PostgreSQL 15.12 on x86_64-pc-linux-musl, compiled by gcc (Alpine 14.2.0) 14.2.0, 64-bit
2025-04-27 15:55:10.045 UTC [1] LOG:  listening on IPv4 address "0.0.0.0", port 5432
2025-04-27 15:55:10.045 UTC [1] LOG:  listening on IPv6 address "::", port 5432
2025-04-27 15:55:10.056 UTC [1] LOG:  listening on Unix socket "/var/run/postgresql/.s.PGSQL.5432"
2025-04-27 15:55:10.067 UTC [61] LOG:  database system was shut down at 2025-04-27 15:55:09 UTC
2025-04-27 15:55:10.075 UTC [1] LOG:  database system is ready to accept connections
2025-04-27 16:00:37.228 UTC [59] LOG:  checkpoint starting: time
2025-04-27 16:00:41.802 UTC [59] LOG:  checkpoint complete: wrote 48 buffers (0.3%); 0 WAL file(s) added, 0 removed, 0 recycled; write=4.524 s, sync=0.027 s, total=4.575 s; sync files=13, longest=0.010 s, average=0.003 s; distance=252 kB, estimate=252 kB
2025-04-27 16:05:42.430 UTC [1] LOG:  received fast shutdown request
2025-04-27 16:05:42.436 UTC [1] LOG:  aborting any active transactions
2025-04-27 16:05:42.437 UTC [1] LOG:  background worker "logical replication launcher" (PID 64) exited with exit code 1
2025-04-27 16:05:42.437 UTC [59] LOG:  shutting down
2025-04-27 16:05:42.442 UTC [59] LOG:  checkpoint starting: shutdown immediate
2025-04-27 16:05:42.459 UTC [59] LOG:  checkpoint complete: wrote 0 buffers (0.0%); 0 WAL file(s) added, 0 removed, 0 recycled; write=0.001 s, sync=0.001 s, total=0.022 s; sync files=0, longest=0.000 s, average=0.000 s; distance=0 kB, estimate=227 kB
2025-04-27 16:05:42.463 UTC [1] LOG:  database system is shut down
2025-04-27 16:06:02.197 UTC [1] LOG:  starting PostgreSQL 15.12 on x86_64-pc-linux-musl, compiled by gcc (Alpine 14.2.0) 14.2.0, 64-bit
2025-04-27 16:06:02.197 UTC [1] LOG:  listening on IPv4 address "0.0.0.0", port 5432
2025-04-27 16:06:02.197 UTC [1] LOG:  listening on IPv6 address "::", port 5432
2025-04-27 16:06:02.207 UTC [1] LOG:  listening on Unix socket "/var/run/postgresql/.s.PGSQL.5432"
2025-04-27 16:06:02.218 UTC [61] LOG:  database system was shut down at 2025-04-27 16:06:02 UTC
2025-04-27 16:06:02.226 UTC [1] LOG:  database system is ready to accept connections
2025-04-27 16:07:40.103 UTC [69] LOG:  statement: 
2025-04-27 16:07:40.105 UTC [69] LOG:  statement: SELECT NOW()
2025-04-27 16:07:40.106 UTC [69] LOG:  statement: 
2025-04-27 16:07:40.110 UTC [69] LOG:  statement: SELECT 'citext'::regtype::oid
2025-04-27 16:07:40.110 UTC [69] ERROR:  type "citext" does not exist at character 8
2025-04-27 16:07:40.110 UTC [69] STATEMENT:  SELECT 'citext'::regtype::oid
2025-04-27 16:07:40.112 UTC [69] LOG:  statement: 
2025-04-27 16:07:40.115 UTC [69] LOG:  statement: SELECT VERSION()
2025-04-27 16:07:40.116 UTC [69] LOG:  statement: 
2025-04-27 16:07:40.117 UTC [69] LOG:  statement: SET statement_timeout TO 30000
2025-04-27 16:07:40.118 UTC [69] LOG:  statement: 
2025-04-27 16:07:40.119 UTC [69] LOG:  statement: SELECT EXTRACT(EPOCH FROM CURRENT_TIMESTAMP - pg_postmaster_start_time())::INTEGER
2025-04-27 16:07:40.121 UTC [69] LOG:  statement: 
2025-04-27 16:07:40.122 UTC [69] LOG:  statement: SHOW ssl
2025-04-27 16:07:40.123 UTC [69] LOG:  statement: 
2025-04-27 16:07:40.126 UTC [69] LOG:  statement: 
2025-04-27 16:07:40.127 UTC [69] LOG:  statement: SELECT table_name FROM information_schema.tables WHERE table_schema='information_schema'
2025-04-27 16:07:40.132 UTC [69] LOG:  statement: 
2025-04-27 16:07:40.133 UTC [69] LOG:  statement: SELECT "nspname" FROM "pg_catalog"."pg_namespace" ORDER BY "nspname"
2025-04-27 16:07:40.141 UTC [69] LOG:  statement: 
2025-04-27 16:07:40.142 UTC [69] LOG:  statement: SET search_path TO 'public', '$user'
2025-04-27 16:07:40.158 UTC [69] LOG:  statement: 
2025-04-27 16:07:40.159 UTC [69] LOG:  statement: SELECT *, pg_table_size(QUOTE_IDENT(t.TABLE_SCHEMA) || '.' || QUOTE_IDENT(t.TABLE_NAME))::bigint AS data_length, pg_relation_size(QUOTE_IDENT(t.TABLE_SCHEMA) || '.' || QUOTE_IDENT(t.TABLE_NAME))::bigint AS index_length, c.reltuples, obj_description(c.oid) AS comment FROM "information_schema"."tables" AS t LEFT JOIN "pg_namespace" n ON t.table_schema = n.nspname LEFT JOIN "pg_class" c ON n.oid = c.relnamespace AND c.relname=t.table_name WHERE t."table_schema"='public'
2025-04-27 16:07:40.169 UTC [69] LOG:  statement: 
2025-04-27 16:07:40.170 UTC [69] LOG:  statement: SELECT "p"."proname", "p"."proargtypes" FROM "pg_catalog"."pg_namespace" AS "n" JOIN "pg_catalog"."pg_proc" AS "p" ON "p"."pronamespace" = "n"."oid" WHERE "n"."nspname"='public'
2025-04-27 16:09:26.423 UTC [1] LOG:  received fast shutdown request
2025-04-27 16:09:26.428 UTC [1] LOG:  aborting any active transactions
2025-04-27 16:09:26.430 UTC [1] LOG:  background worker "logical replication launcher" (PID 64) exited with exit code 1
2025-04-27 16:09:26.430 UTC [59] LOG:  shutting down
2025-04-27 16:09:26.435 UTC [59] LOG:  checkpoint starting: shutdown immediate
2025-04-27 16:09:26.487 UTC [59] LOG:  checkpoint complete: wrote 51 buffers (0.3%); 0 WAL file(s) added, 0 removed, 0 recycled; write=0.011 s, sync=0.024 s, total=0.057 s; sync files=15, longest=0.007 s, average=0.002 s; distance=252 kB, estimate=252 kB
2025-04-27 16:09:26.490 UTC [1] LOG:  database system is shut down
2025-04-27 16:10:01.526 UTC [1] LOG:  starting PostgreSQL 15.12 on x86_64-pc-linux-musl, compiled by gcc (Alpine 14.2.0) 14.2.0, 64-bit
2025-04-27 16:10:01.526 UTC [1] LOG:  listening on IPv4 address "0.0.0.0", port 5432
2025-04-27 16:10:01.526 UTC [1] LOG:  listening on IPv6 address "::", port 5432
2025-04-27 16:10:01.536 UTC [1] LOG:  listening on Unix socket "/var/run/postgresql/.s.PGSQL.5432"
2025-04-27 16:10:01.547 UTC [61] LOG:  database system was shut down at 2025-04-27 16:10:01 UTC
2025-04-27 16:10:01.554 UTC [1] LOG:  database system is ready to accept connections
2025-04-27 16:10:21.830 UTC [65] LOG:  statement: 
2025-04-27 16:10:21.831 UTC [65] LOG:  statement: SELECT NOW()
2025-04-27 16:10:21.832 UTC [65] LOG:  statement: 
2025-04-27 16:10:21.833 UTC [65] LOG:  statement: SELECT 'citext'::regtype::oid
2025-04-27 16:10:21.834 UTC [65] ERROR:  type "citext" does not exist at character 8
2025-04-27 16:10:21.834 UTC [65] STATEMENT:  SELECT 'citext'::regtype::oid
2025-04-27 16:10:21.835 UTC [65] LOG:  statement: 
2025-04-27 16:10:21.838 UTC [65] LOG:  statement: SELECT VERSION()
2025-04-27 16:10:21.839 UTC [65] LOG:  statement: 
2025-04-27 16:10:21.840 UTC [65] LOG:  statement: SET statement_timeout TO 30000
2025-04-27 16:10:21.841 UTC [65] LOG:  statement: 
2025-04-27 16:10:21.843 UTC [65] LOG:  statement: SELECT EXTRACT(EPOCH FROM CURRENT_TIMESTAMP - pg_postmaster_start_time())::INTEGER
2025-04-27 16:10:21.844 UTC [65] LOG:  statement: 
2025-04-27 16:10:21.845 UTC [65] LOG:  statement: SHOW ssl
2025-04-27 16:10:21.846 UTC [65] LOG:  statement: 
2025-04-27 16:10:21.849 UTC [65] LOG:  statement: 
2025-04-27 16:10:21.850 UTC [65] LOG:  statement: SELECT table_name FROM information_schema.tables WHERE table_schema='information_schema'
2025-04-27 16:10:21.855 UTC [65] LOG:  statement: 
2025-04-27 16:10:21.860 UTC [65] LOG:  statement: SELECT "nspname" FROM "pg_catalog"."pg_namespace" ORDER BY "nspname"
2025-04-27 16:10:21.863 UTC [65] LOG:  statement: 
2025-04-27 16:10:21.864 UTC [65] LOG:  statement: SET search_path TO 'public', '$user'
2025-04-27 16:10:21.881 UTC [65] LOG:  statement: 
2025-04-27 16:10:21.882 UTC [65] LOG:  statement: SELECT *, pg_table_size(QUOTE_IDENT(t.TABLE_SCHEMA) || '.' || QUOTE_IDENT(t.TABLE_NAME))::bigint AS data_length, pg_relation_size(QUOTE_IDENT(t.TABLE_SCHEMA) || '.' || QUOTE_IDENT(t.TABLE_NAME))::bigint AS index_length, c.reltuples, obj_description(c.oid) AS comment FROM "information_schema"."tables" AS t LEFT JOIN "pg_namespace" n ON t.table_schema = n.nspname LEFT JOIN "pg_class" c ON n.oid = c.relnamespace AND c.relname=t.table_name WHERE t."table_schema"='public'
2025-04-27 16:10:21.891 UTC [65] LOG:  statement: 
2025-04-27 16:10:21.892 UTC [65] LOG:  statement: SELECT "p"."proname", "p"."proargtypes" FROM "pg_catalog"."pg_namespace" AS "n" JOIN "pg_catalog"."pg_proc" AS "p" ON "p"."pronamespace" = "n"."oid" WHERE "n"."nspname"='public'
2025-04-27 16:10:22.782 UTC [65] LOG:  statement: 
2025-04-27 16:11:23.055 UTC [69] LOG:  statement: 
2025-04-27 16:11:23.056 UTC [69] LOG:  statement: SELECT NOW()
2025-04-27 16:11:23.057 UTC [69] LOG:  statement: 
2025-04-27 16:11:23.061 UTC [69] LOG:  statement: SELECT 'citext'::regtype::oid
2025-04-27 16:11:23.061 UTC [69] ERROR:  type "citext" does not exist at character 8
2025-04-27 16:11:23.061 UTC [69] STATEMENT:  SELECT 'citext'::regtype::oid
2025-04-27 16:11:23.063 UTC [69] LOG:  statement: 
2025-04-27 16:11:23.064 UTC [69] LOG:  statement: SELECT VERSION()
2025-04-27 16:11:23.065 UTC [69] LOG:  statement: 
2025-04-27 16:11:23.066 UTC [69] LOG:  statement: SET statement_timeout TO 30000
2025-04-27 16:11:23.066 UTC [69] LOG:  statement: 
2025-04-27 16:11:23.068 UTC [69] LOG:  statement: SELECT EXTRACT(EPOCH FROM CURRENT_TIMESTAMP - pg_postmaster_start_time())::INTEGER
2025-04-27 16:11:23.069 UTC [69] LOG:  statement: 
2025-04-27 16:11:23.070 UTC [69] LOG:  statement: SHOW ssl
2025-04-27 16:11:23.071 UTC [69] LOG:  statement: 
2025-04-27 16:11:23.075 UTC [69] LOG:  statement: 
2025-04-27 16:11:23.076 UTC [69] LOG:  statement: SELECT table_name FROM information_schema.tables WHERE table_schema='information_schema'
2025-04-27 16:11:23.081 UTC [69] LOG:  statement: 
2025-04-27 16:11:23.082 UTC [69] LOG:  statement: SELECT "nspname" FROM "pg_catalog"."pg_namespace" ORDER BY "nspname"
2025-04-27 16:11:23.083 UTC [69] LOG:  statement: 
2025-04-27 16:11:23.084 UTC [69] LOG:  statement: SET search_path TO 'public', '$user'
2025-04-27 16:11:23.107 UTC [69] LOG:  statement: 
2025-04-27 16:11:23.108 UTC [69] LOG:  statement: SELECT *, pg_table_size(QUOTE_IDENT(t.TABLE_SCHEMA) || '.' || QUOTE_IDENT(t.TABLE_NAME))::bigint AS data_length, pg_relation_size(QUOTE_IDENT(t.TABLE_SCHEMA) || '.' || QUOTE_IDENT(t.TABLE_NAME))::bigint AS index_length, c.reltuples, obj_description(c.oid) AS comment FROM "information_schema"."tables" AS t LEFT JOIN "pg_namespace" n ON t.table_schema = n.nspname LEFT JOIN "pg_class" c ON n.oid = c.relnamespace AND c.relname=t.table_name WHERE t."table_schema"='public'
2025-04-27 16:11:23.122 UTC [69] LOG:  statement: 
2025-04-27 16:11:23.124 UTC [69] LOG:  statement: SELECT "p"."proname", "p"."proargtypes" FROM "pg_catalog"."pg_namespace" AS "n" JOIN "pg_catalog"."pg_proc" AS "p" ON "p"."pronamespace" = "n"."oid" WHERE "n"."nspname"='public'
2025-04-27 16:14:44.214 UTC [1] LOG:  received fast shutdown request
2025-04-27 16:14:44.219 UTC [1] LOG:  aborting any active transactions
2025-04-27 16:14:44.221 UTC [1] LOG:  background worker "logical replication launcher" (PID 64) exited with exit code 1
2025-04-27 16:14:44.221 UTC [59] LOG:  shutting down
2025-04-27 16:14:44.227 UTC [59] LOG:  checkpoint starting: shutdown immediate
2025-04-27 16:14:44.280 UTC [59] LOG:  checkpoint complete: wrote 51 buffers (0.3%); 0 WAL file(s) added, 0 removed, 0 recycled; write=0.011 s, sync=0.022 s, total=0.059 s; sync files=15, longest=0.006 s, average=0.002 s; distance=252 kB, estimate=252 kB
2025-04-27 16:14:44.283 UTC [1] LOG:  database system is shut down
2025-04-27 16:15:16.277 UTC [1] LOG:  starting PostgreSQL 15.12 on x86_64-pc-linux-musl, compiled by gcc (Alpine 14.2.0) 14.2.0, 64-bit
2025-04-27 16:15:16.277 UTC [1] LOG:  listening on IPv4 address "0.0.0.0", port 5432
2025-04-27 16:15:16.277 UTC [1] LOG:  listening on IPv6 address "::", port 5432
2025-04-27 16:15:16.288 UTC [1] LOG:  listening on Unix socket "/var/run/postgresql/.s.PGSQL.5432"
2025-04-27 16:15:16.298 UTC [61] LOG:  database system was shut down at 2025-04-27 16:15:16 UTC
2025-04-27 16:15:16.307 UTC [1] LOG:  database system is ready to accept connections
2025-04-27 16:17:48.932 UTC [1] LOG:  received fast shutdown request
2025-04-27 16:17:48.939 UTC [1] LOG:  aborting any active transactions
2025-04-27 16:17:48.941 UTC [1] LOG:  background worker "logical replication launcher" (PID 64) exited with exit code 1
2025-04-27 16:17:48.941 UTC [59] LOG:  shutting down
2025-04-27 16:17:48.946 UTC [59] LOG:  checkpoint starting: shutdown immediate
2025-04-27 16:17:48.995 UTC [59] LOG:  checkpoint complete: wrote 48 buffers (0.3%); 0 WAL file(s) added, 0 removed, 0 recycled; write=0.010 s, sync=0.020 s, total=0.054 s; sync files=13, longest=0.006 s, average=0.002 s; distance=252 kB, estimate=252 kB
2025-04-27 16:17:48.998 UTC [1] LOG:  database system is shut down
2025-04-27 16:18:09.565 UTC [1] LOG:  starting PostgreSQL 15.12 on x86_64-pc-linux-musl, compiled by gcc (Alpine 14.2.0) 14.2.0, 64-bit
2025-04-27 16:18:09.565 UTC [1] LOG:  listening on IPv4 address "0.0.0.0", port 5432
2025-04-27 16:18:09.565 UTC [1] LOG:  listening on IPv6 address "::", port 5432
2025-04-27 16:18:09.575 UTC [1] LOG:  listening on Unix socket "/var/run/postgresql/.s.PGSQL.5432"
2025-04-27 16:18:09.586 UTC [61] LOG:  database system was shut down at 2025-04-27 16:18:09 UTC
2025-04-27 16:18:09.593 UTC [1] LOG:  database system is ready to accept connections
2025-04-27 16:19:33.437 UTC [1] LOG:  received fast shutdown request
2025-04-27 16:19:33.442 UTC [1] LOG:  aborting any active transactions
2025-04-27 16:19:33.444 UTC [1] LOG:  background worker "logical replication launcher" (PID 64) exited with exit code 1
2025-04-27 16:19:33.445 UTC [59] LOG:  shutting down
2025-04-27 16:19:33.450 UTC [59] LOG:  checkpoint starting: shutdown immediate
2025-04-27 16:19:33.498 UTC [59] LOG:  checkpoint complete: wrote 46 buffers (0.3%); 0 WAL file(s) added, 0 removed, 0 recycled; write=0.010 s, sync=0.020 s, total=0.054 s; sync files=13, longest=0.005 s, average=0.002 s; distance=229 kB, estimate=229 kB
2025-04-27 16:19:33.501 UTC [1] LOG:  database system is shut down
2025-04-27 16:19:56.318 UTC [1] LOG:  starting PostgreSQL 15.12 on x86_64-pc-linux-musl, compiled by gcc (Alpine 14.2.0) 14.2.0, 64-bit
2025-04-27 16:19:56.318 UTC [1] LOG:  listening on IPv4 address "0.0.0.0", port 5432
2025-04-27 16:19:56.318 UTC [1] LOG:  listening on IPv6 address "::", port 5432
2025-04-27 16:19:56.328 UTC [1] LOG:  listening on Unix socket "/var/run/postgresql/.s.PGSQL.5432"
2025-04-27 16:19:56.339 UTC [61] LOG:  database system was shut down at 2025-04-27 16:19:56 UTC
2025-04-27 16:19:56.347 UTC [1] LOG:  database system is ready to accept connections
2025-04-27 16:25:23.691 UTC [59] LOG:  checkpoint starting: time
2025-04-27 16:25:24.360 UTC [1] LOG:  received fast shutdown request
2025-04-27 16:25:24.366 UTC [1] LOG:  aborting any active transactions
2025-04-27 16:25:24.368 UTC [1] LOG:  background worker "logical replication launcher" (PID 64) exited with exit code 1
2025-04-27 16:25:24.393 UTC [59] LOG:  checkpoint complete: wrote 48 buffers (0.3%); 0 WAL file(s) added, 0 removed, 0 recycled; write=0.661 s, sync=0.018 s, total=0.703 s; sync files=13, longest=0.006 s, average=0.002 s; distance=252 kB, estimate=252 kB
2025-04-27 16:25:24.393 UTC [59] LOG:  shutting down
2025-04-27 16:25:24.398 UTC [59] LOG:  checkpoint starting: shutdown immediate
2025-04-27 16:25:24.416 UTC [59] LOG:  checkpoint complete: wrote 0 buffers (0.0%); 0 WAL file(s) added, 0 removed, 0 recycled; write=0.001 s, sync=0.001 s, total=0.024 s; sync files=0, longest=0.000 s, average=0.000 s; distance=0 kB, estimate=227 kB
2025-04-27 16:25:24.420 UTC [1] LOG:  database system is shut down
2025-04-27 16:25:51.232 UTC [1] LOG:  starting PostgreSQL 15.12 on x86_64-pc-linux-musl, compiled by gcc (Alpine 14.2.0) 14.2.0, 64-bit
2025-04-27 16:25:51.232 UTC [1] LOG:  listening on IPv4 address "0.0.0.0", port 5432
2025-04-27 16:25:51.232 UTC [1] LOG:  listening on IPv6 address "::", port 5432
2025-04-27 16:25:51.243 UTC [1] LOG:  listening on Unix socket "/var/run/postgresql/.s.PGSQL.5432"
2025-04-27 16:25:51.254 UTC [61] LOG:  database system was shut down at 2025-04-27 16:25:51 UTC
2025-04-27 16:25:51.262 UTC [1] LOG:  database system is ready to accept connections
2025-04-27 16:25:53.889 UTC [65] LOG:  statement: 
	    SELECT * FROM tools
	  
2025-04-27 16:25:53.894 UTC [65] LOG:  execute <unnamed>: 
	        SELECT * FROM reservations
	        WHERE tool_id = $1 AND status IN ('pending', 'active')
	        AND start_date <= CURRENT_DATE AND end_date >= CURRENT_DATE
	      
2025-04-27 16:25:53.894 UTC [65] DETAIL:  parameters: $1 = '1'
2025-04-27 16:25:53.911 UTC [66] LOG:  execute <unnamed>: 
	        SELECT * FROM reservations
	        WHERE tool_id = $1 AND status IN ('pending', 'active')
	        AND start_date <= CURRENT_DATE AND end_date >= CURRENT_DATE
	      
2025-04-27 16:25:53.911 UTC [66] DETAIL:  parameters: $1 = '2'
2025-04-27 16:25:53.911 UTC [68] LOG:  execute <unnamed>: 
	        SELECT * FROM reservations
	        WHERE tool_id = $1 AND status IN ('pending', 'active')
	        AND start_date <= CURRENT_DATE AND end_date >= CURRENT_DATE
	      
2025-04-27 16:25:53.911 UTC [68] DETAIL:  parameters: $1 = '4'
2025-04-27 16:25:53.911 UTC [67] LOG:  execute <unnamed>: 
	        SELECT * FROM reservations
	        WHERE tool_id = $1 AND status IN ('pending', 'active')
	        AND start_date <= CURRENT_DATE AND end_date >= CURRENT_DATE
	      
2025-04-27 16:25:53.911 UTC [67] DETAIL:  parameters: $1 = '3'
2025-04-27 16:27:30.309 UTC [1] LOG:  received fast shutdown request
2025-04-27 16:27:30.315 UTC [1] LOG:  aborting any active transactions
2025-04-27 16:27:30.317 UTC [1] LOG:  background worker "logical replication launcher" (PID 64) exited with exit code 1
2025-04-27 16:27:30.317 UTC [59] LOG:  shutting down
2025-04-27 16:27:30.322 UTC [59] LOG:  checkpoint starting: shutdown immediate
2025-04-27 16:27:30.372 UTC [59] LOG:  checkpoint complete: wrote 50 buffers (0.3%); 0 WAL file(s) added, 0 removed, 0 recycled; write=0.010 s, sync=0.023 s, total=0.055 s; sync files=15, longest=0.006 s, average=0.002 s; distance=252 kB, estimate=252 kB
2025-04-27 16:27:30.375 UTC [1] LOG:  database system is shut down
2025-04-27 16:28:08.980 UTC [1] LOG:  starting PostgreSQL 15.12 on x86_64-pc-linux-musl, compiled by gcc (Alpine 14.2.0) 14.2.0, 64-bit
2025-04-27 16:28:08.980 UTC [1] LOG:  listening on IPv4 address "0.0.0.0", port 5432
2025-04-27 16:28:08.980 UTC [1] LOG:  listening on IPv6 address "::", port 5432
2025-04-27 16:28:08.991 UTC [1] LOG:  listening on Unix socket "/var/run/postgresql/.s.PGSQL.5432"
2025-04-27 16:28:09.002 UTC [60] LOG:  database system was shut down at 2025-04-27 16:28:08 UTC
2025-04-27 16:28:09.009 UTC [1] LOG:  database system is ready to accept connections
2025-04-27 16:28:42.578 UTC [1] LOG:  received fast shutdown request
2025-04-27 16:28:42.583 UTC [1] LOG:  aborting any active transactions
2025-04-27 16:28:42.585 UTC [1] LOG:  background worker "logical replication launcher" (PID 63) exited with exit code 1
2025-04-27 16:28:42.585 UTC [58] LOG:  shutting down
2025-04-27 16:28:42.590 UTC [58] LOG:  checkpoint starting: shutdown immediate
2025-04-27 16:28:42.637 UTC [58] LOG:  checkpoint complete: wrote 41 buffers (0.3%); 0 WAL file(s) added, 0 removed, 0 recycled; write=0.010 s, sync=0.019 s, total=0.052 s; sync files=11, longest=0.006 s, average=0.002 s; distance=229 kB, estimate=229 kB
2025-04-27 16:28:42.640 UTC [1] LOG:  database system is shut down
2025-04-27 16:29:17.405 UTC [1] LOG:  starting PostgreSQL 15.12 on x86_64-pc-linux-musl, compiled by gcc (Alpine 14.2.0) 14.2.0, 64-bit
2025-04-27 16:29:17.405 UTC [1] LOG:  listening on IPv4 address "0.0.0.0", port 5432
2025-04-27 16:29:17.405 UTC [1] LOG:  listening on IPv6 address "::", port 5432
2025-04-27 16:29:17.416 UTC [1] LOG:  listening on Unix socket "/var/run/postgresql/.s.PGSQL.5432"
2025-04-27 16:29:17.427 UTC [61] LOG:  database system was shut down at 2025-04-27 16:29:17 UTC
2025-04-27 16:29:17.436 UTC [1] LOG:  database system is ready to accept connections
2025-04-27 16:30:47.646 UTC [1] LOG:  received fast shutdown request
2025-04-27 16:30:47.652 UTC [1] LOG:  aborting any active transactions
2025-04-27 16:30:47.653 UTC [1] LOG:  background worker "logical replication launcher" (PID 64) exited with exit code 1
2025-04-27 16:30:47.653 UTC [59] LOG:  shutting down
2025-04-27 16:30:47.658 UTC [59] LOG:  checkpoint starting: shutdown immediate
2025-04-27 16:30:47.705 UTC [59] LOG:  checkpoint complete: wrote 48 buffers (0.3%); 0 WAL file(s) added, 0 removed, 0 recycled; write=0.011 s, sync=0.020 s, total=0.053 s; sync files=13, longest=0.006 s, average=0.002 s; distance=252 kB, estimate=252 kB
2025-04-27 16:30:47.709 UTC [1] LOG:  database system is shut down
2025-04-27 16:37:51.533 UTC [1] LOG:  starting PostgreSQL 15.12 on x86_64-pc-linux-musl, compiled by gcc (Alpine 14.2.0) 14.2.0, 64-bit
2025-04-27 16:37:51.533 UTC [1] LOG:  listening on IPv4 address "0.0.0.0", port 5432
2025-04-27 16:37:51.533 UTC [1] LOG:  listening on IPv6 address "::", port 5432
2025-04-27 16:37:51.543 UTC [1] LOG:  listening on Unix socket "/var/run/postgresql/.s.PGSQL.5432"
2025-04-27 16:37:51.559 UTC [61] LOG:  database system was shut down at 2025-04-27 16:37:51 UTC
2025-04-27 16:37:51.567 UTC [1] LOG:  database system is ready to accept connections
2025-04-27 16:39:24.364 UTC [69] LOG:  statement: 
	    SELECT * FROM tools
	  
2025-04-27 16:39:24.381 UTC [69] LOG:  execute <unnamed>: 
	        SELECT * FROM reservations
	        WHERE tool_id = $1 AND status IN ('pending', 'active')
	        AND start_date <= CURRENT_DATE AND end_date >= CURRENT_DATE
	      
2025-04-27 16:39:24.381 UTC [69] DETAIL:  parameters: $1 = '1'
2025-04-27 16:39:24.392 UTC [70] LOG:  execute <unnamed>: 
	        SELECT * FROM reservations
	        WHERE tool_id = $1 AND status IN ('pending', 'active')
	        AND start_date <= CURRENT_DATE AND end_date >= CURRENT_DATE
	      
2025-04-27 16:39:24.392 UTC [70] DETAIL:  parameters: $1 = '2'
2025-04-27 16:39:24.393 UTC [72] LOG:  execute <unnamed>: 
	        SELECT * FROM reservations
	        WHERE tool_id = $1 AND status IN ('pending', 'active')
	        AND start_date <= CURRENT_DATE AND end_date >= CURRENT_DATE
	      
2025-04-27 16:39:24.393 UTC [72] DETAIL:  parameters: $1 = '4'
2025-04-27 16:39:24.393 UTC [71] LOG:  execute <unnamed>: 
	        SELECT * FROM reservations
	        WHERE tool_id = $1 AND status IN ('pending', 'active')
	        AND start_date <= CURRENT_DATE AND end_date >= CURRENT_DATE
	      
2025-04-27 16:39:24.393 UTC [71] DETAIL:  parameters: $1 = '3'
2025-04-27 16:40:28.022 UTC [1] LOG:  received fast shutdown request
2025-04-27 16:40:28.028 UTC [1] LOG:  aborting any active transactions
2025-04-27 16:40:28.029 UTC [1] LOG:  background worker "logical replication launcher" (PID 64) exited with exit code 1
2025-04-27 16:40:28.030 UTC [59] LOG:  shutting down
2025-04-27 16:40:28.035 UTC [59] LOG:  checkpoint starting: shutdown immediate
2025-04-27 16:40:28.087 UTC [59] LOG:  checkpoint complete: wrote 50 buffers (0.3%); 0 WAL file(s) added, 0 removed, 0 recycled; write=0.011 s, sync=0.023 s, total=0.058 s; sync files=15, longest=0.006 s, average=0.002 s; distance=252 kB, estimate=252 kB
2025-04-27 16:40:28.090 UTC [1] LOG:  database system is shut down
2025-04-27 16:41:50.350 UTC [1] LOG:  starting PostgreSQL 15.12 on x86_64-pc-linux-musl, compiled by gcc (Alpine 14.2.0) 14.2.0, 64-bit
2025-04-27 16:41:50.350 UTC [1] LOG:  listening on IPv4 address "0.0.0.0", port 5432
2025-04-27 16:41:50.350 UTC [1] LOG:  listening on IPv6 address "::", port 5432
2025-04-27 16:41:50.360 UTC [1] LOG:  listening on Unix socket "/var/run/postgresql/.s.PGSQL.5432"
2025-04-27 16:41:50.372 UTC [61] LOG:  database system was shut down at 2025-04-27 16:41:50 UTC
2025-04-27 16:41:50.381 UTC [1] LOG:  database system is ready to accept connections
2025-04-27 16:46:58.878 UTC [1] LOG:  received fast shutdown request
2025-04-27 16:46:58.883 UTC [1] LOG:  aborting any active transactions
2025-04-27 16:46:58.885 UTC [1] LOG:  background worker "logical replication launcher" (PID 64) exited with exit code 1
2025-04-27 16:46:58.886 UTC [59] LOG:  shutting down
2025-04-27 16:46:58.891 UTC [59] LOG:  checkpoint starting: shutdown immediate
2025-04-27 16:46:58.941 UTC [59] LOG:  checkpoint complete: wrote 48 buffers (0.3%); 0 WAL file(s) added, 0 removed, 0 recycled; write=0.011 s, sync=0.020 s, total=0.056 s; sync files=13, longest=0.006 s, average=0.002 s; distance=252 kB, estimate=252 kB
2025-04-27 16:46:58.945 UTC [1] LOG:  database system is shut down
2025-04-27 16:47:59.507 UTC [1] LOG:  starting PostgreSQL 15.12 on x86_64-pc-linux-musl, compiled by gcc (Alpine 14.2.0) 14.2.0, 64-bit
2025-04-27 16:47:59.507 UTC [1] LOG:  listening on IPv4 address "0.0.0.0", port 5432
2025-04-27 16:47:59.507 UTC [1] LOG:  listening on IPv6 address "::", port 5432
2025-04-27 16:47:59.517 UTC [1] LOG:  listening on Unix socket "/var/run/postgresql/.s.PGSQL.5432"
2025-04-27 16:47:59.528 UTC [62] LOG:  database system was shut down at 2025-04-27 16:47:59 UTC
2025-04-27 16:47:59.536 UTC [1] LOG:  database system is ready to accept connections
2025-04-27 16:49:21.315 UTC [1] LOG:  received fast shutdown request
2025-04-27 16:49:21.320 UTC [1] LOG:  aborting any active transactions
2025-04-27 16:49:21.322 UTC [1] LOG:  background worker "logical replication launcher" (PID 65) exited with exit code 1
2025-04-27 16:49:21.322 UTC [60] LOG:  shutting down
2025-04-27 16:49:21.328 UTC [60] LOG:  checkpoint starting: shutdown immediate
2025-04-27 16:49:21.375 UTC [60] LOG:  checkpoint complete: wrote 48 buffers (0.3%); 0 WAL file(s) added, 0 removed, 0 recycled; write=0.010 s, sync=0.021 s, total=0.054 s; sync files=13, longest=0.006 s, average=0.002 s; distance=252 kB, estimate=252 kB
2025-04-27 16:49:21.379 UTC [1] LOG:  database system is shut down
2025-04-27 16:50:06.607 UTC [1] LOG:  starting PostgreSQL 15.12 on x86_64-pc-linux-musl, compiled by gcc (Alpine 14.2.0) 14.2.0, 64-bit
2025-04-27 16:50:06.607 UTC [1] LOG:  listening on IPv4 address "0.0.0.0", port 5432
2025-04-27 16:50:06.607 UTC [1] LOG:  listening on IPv6 address "::", port 5432
2025-04-27 16:50:06.617 UTC [1] LOG:  listening on Unix socket "/var/run/postgresql/.s.PGSQL.5432"
2025-04-27 16:50:06.628 UTC [61] LOG:  database system was shut down at 2025-04-27 16:50:06 UTC
2025-04-27 16:50:06.636 UTC [1] LOG:  database system is ready to accept connections
2025-04-27 16:50:12.680 UTC [65] LOG:  statement: 
	    SELECT * FROM tools
	  
2025-04-27 16:50:12.686 UTC [65] LOG:  execute <unnamed>: 
	        SELECT * FROM reservations
	        WHERE tool_id = $1 AND status IN ('pending', 'active')
	        AND start_date <= CURRENT_DATE AND end_date >= CURRENT_DATE
	      
2025-04-27 16:50:12.686 UTC [65] DETAIL:  parameters: $1 = '1'
2025-04-27 16:50:12.701 UTC [66] LOG:  execute <unnamed>: 
	        SELECT * FROM reservations
	        WHERE tool_id = $1 AND status IN ('pending', 'active')
	        AND start_date <= CURRENT_DATE AND end_date >= CURRENT_DATE
	      
2025-04-27 16:50:12.701 UTC [66] DETAIL:  parameters: $1 = '2'
2025-04-27 16:50:12.702 UTC [67] LOG:  execute <unnamed>: 
	        SELECT * FROM reservations
	        WHERE tool_id = $1 AND status IN ('pending', 'active')
	        AND start_date <= CURRENT_DATE AND end_date >= CURRENT_DATE
	      
2025-04-27 16:50:12.702 UTC [67] DETAIL:  parameters: $1 = '3'
2025-04-27 16:50:12.702 UTC [68] LOG:  execute <unnamed>: 
	        SELECT * FROM reservations
	        WHERE tool_id = $1 AND status IN ('pending', 'active')
	        AND start_date <= CURRENT_DATE AND end_date >= CURRENT_DATE
	      
2025-04-27 16:50:12.702 UTC [68] DETAIL:  parameters: $1 = '4'
2025-04-27 16:50:26.772 UTC [1] LOG:  received fast shutdown request
2025-04-27 16:50:26.778 UTC [1] LOG:  aborting any active transactions
2025-04-27 16:50:26.779 UTC [1] LOG:  background worker "logical replication launcher" (PID 64) exited with exit code 1
2025-04-27 16:50:26.780 UTC [59] LOG:  shutting down
2025-04-27 16:50:26.785 UTC [59] LOG:  checkpoint starting: shutdown immediate
2025-04-27 16:50:26.834 UTC [59] LOG:  checkpoint complete: wrote 48 buffers (0.3%); 0 WAL file(s) added, 0 removed, 0 recycled; write=0.010 s, sync=0.022 s, total=0.055 s; sync files=15, longest=0.006 s, average=0.002 s; distance=229 kB, estimate=229 kB
2025-04-27 16:50:26.837 UTC [1] LOG:  database system is shut down
